2023-01-20 12:21:39.159  INFO 6984 --- [restartedMain] kr.co.sboard1.Sboard1Application         : Starting Sboard1Application using Java 17.0.5 on DESKTOP-1FFOQKL with PID 6984 (C:\Users\java1\Desktop\Workspace\SpringBoot\Sboard1\target\classes started by java1 in C:\Users\java1\Desktop\Workspace\SpringBoot\Sboard1)
2023-01-20 12:21:39.161  INFO 6984 --- [restartedMain] kr.co.sboard1.Sboard1Application         : No active profile set, falling back to 1 default profile: "default"
2023-01-20 12:21:39.190  INFO 6984 --- [restartedMain] .e.DevToolsPropertyDefaultsPostProcessor : Devtools property defaults active! Set 'spring.devtools.add-properties' to 'false' to disable
2023-01-20 12:21:39.190  INFO 6984 --- [restartedMain] .e.DevToolsPropertyDefaultsPostProcessor : For additional web related logging consider setting the 'logging.level.web' property to 'DEBUG'
2023-01-20 12:21:39.575  INFO 6984 --- [restartedMain] .s.d.r.c.RepositoryConfigurationDelegate : Bootstrapping Spring Data JPA repositories in DEFAULT mode.
2023-01-20 12:21:39.586  INFO 6984 --- [restartedMain] .s.d.r.c.RepositoryConfigurationDelegate : Finished Spring Data repository scanning in 4 ms. Found 0 JPA repository interfaces.
2023-01-20 12:21:39.955  INFO 6984 --- [restartedMain] o.s.b.w.embedded.tomcat.TomcatWebServer  : Tomcat initialized with port(s): 8080 (http)
2023-01-20 12:21:39.962  INFO 6984 --- [restartedMain] o.apache.catalina.core.StandardService   : Starting service [Tomcat]
2023-01-20 12:21:39.962  INFO 6984 --- [restartedMain] org.apache.catalina.core.StandardEngine  : Starting Servlet engine: [Apache Tomcat/9.0.70]
2023-01-20 12:21:40.016  INFO 6984 --- [restartedMain] o.a.c.c.C.[.[localhost].[/Sboard1]       : Initializing Spring embedded WebApplicationContext
2023-01-20 12:21:40.016  INFO 6984 --- [restartedMain] w.s.c.ServletWebServerApplicationContext : Root WebApplicationContext: initialization completed in 825 ms
2023-01-20 12:21:40.132  INFO 6984 --- [restartedMain] o.hibernate.jpa.internal.util.LogHelper  : HHH000204: Processing PersistenceUnitInfo [name: default]
2023-01-20 12:21:40.162  INFO 6984 --- [restartedMain] org.hibernate.Version                    : HHH000412: Hibernate ORM core version 5.6.14.Final
2023-01-20 12:21:40.263  INFO 6984 --- [restartedMain] o.hibernate.annotations.common.Version   : HCANN000001: Hibernate Commons Annotations {5.1.2.Final}
2023-01-20 12:21:40.325  INFO 6984 --- [restartedMain] com.zaxxer.hikari.HikariDataSource       : HikariPool-1 - Starting...
2023-01-20 12:21:40.523  INFO 6984 --- [restartedMain] com.zaxxer.hikari.HikariDataSource       : HikariPool-1 - Start completed.
2023-01-20 12:21:40.532  INFO 6984 --- [restartedMain] org.hibernate.dialect.Dialect            : HHH000400: Using dialect: org.hibernate.dialect.MySQL5InnoDBDialect
2023-01-20 12:21:40.680  INFO 6984 --- [restartedMain] o.h.e.t.j.p.i.JtaPlatformInitiator       : HHH000490: Using JtaPlatform implementation: [org.hibernate.engine.transaction.jta.platform.internal.NoJtaPlatform]
2023-01-20 12:21:40.688  INFO 6984 --- [restartedMain] j.LocalContainerEntityManagerFactoryBean : Initialized JPA EntityManagerFactory for persistence unit 'default'
2023-01-20 12:21:40.843  WARN 6984 --- [restartedMain] JpaBaseConfiguration$JpaWebConfiguration : spring.jpa.open-in-view is enabled by default. Therefore, database queries may be performed during view rendering. Explicitly configure spring.jpa.open-in-view to disable this warning
2023-01-20 12:21:40.921  INFO 6984 --- [restartedMain] o.s.s.web.DefaultSecurityFilterChain     : Will secure any request with [org.springframework.security.web.session.DisableEncodeUrlFilter@3418e4fc, org.springframework.security.web.context.request.async.WebAsyncManagerIntegrationFilter@6395c84b, org.springframework.security.web.context.SecurityContextPersistenceFilter@93d62d3, org.springframework.security.web.header.HeaderWriterFilter@588155bc, org.springframework.security.web.authentication.logout.LogoutFilter@1748af7, org.springframework.security.web.authentication.UsernamePasswordAuthenticationFilter@26754db1, org.springframework.security.web.savedrequest.RequestCacheAwareFilter@3e8d69fb, org.springframework.security.web.servletapi.SecurityContextHolderAwareRequestFilter@13b1660a, org.springframework.security.web.authentication.AnonymousAuthenticationFilter@6cd3dcb1, org.springframework.security.web.session.SessionManagementFilter@2f138b7f, org.springframework.security.web.access.ExceptionTranslationFilter@20cd42b7, org.springframework.security.web.access.intercept.FilterSecurityInterceptor@6eec07a9]
2023-01-20 12:21:41.147  INFO 6984 --- [restartedMain] o.s.b.d.a.OptionalLiveReloadServer       : LiveReload server is running on port 35729
2023-01-20 12:21:41.173  INFO 6984 --- [restartedMain] o.s.b.w.embedded.tomcat.TomcatWebServer  : Tomcat started on port(s): 8080 (http) with context path '/Sboard1'
2023-01-20 12:21:41.181  INFO 6984 --- [restartedMain] kr.co.sboard1.Sboard1Application         : Started Sboard1Application in 2.268 seconds (JVM running for 2.712)
2023-01-20 12:21:56.593  INFO 6984 --- [RMI TCP Connection(6)-127.0.0.1] inMXBeanRegistrar$SpringApplicationAdmin : Application shutdown requested.
2023-01-20 12:21:56.600  INFO 6984 --- [RMI TCP Connection(6)-127.0.0.1] o.apache.catalina.core.StandardService   : Stopping service [Tomcat]
2023-01-20 12:21:56.606  INFO 6984 --- [RMI TCP Connection(6)-127.0.0.1] j.LocalContainerEntityManagerFactoryBean : Closing JPA EntityManagerFactory for persistence unit 'default'
2023-01-20 12:21:56.607  INFO 6984 --- [RMI TCP Connection(6)-127.0.0.1] com.zaxxer.hikari.HikariDataSource       : HikariPool-1 - Shutdown initiated...
2023-01-20 12:21:56.612  INFO 6984 --- [RMI TCP Connection(6)-127.0.0.1] com.zaxxer.hikari.HikariDataSource       : HikariPool-1 - Shutdown completed.
