2023-04-19T10:54:35.525+09:00  INFO 6468 --- [restartedMain] kr.co.voard.VoardApplication             : Starting VoardApplication using Java 17.0.5 with PID 6468 (C:\Users\java1\Desktop\Workspace\SpringBoot\Voard\target\classes started by java1 in C:\Users\java1\Desktop\Workspace\SpringBoot\Voard)
2023-04-19T10:54:35.529+09:00  INFO 6468 --- [restartedMain] kr.co.voard.VoardApplication             : No active profile set, falling back to 1 default profile: "default"
2023-04-19T10:54:35.558+09:00  INFO 6468 --- [restartedMain] .e.DevToolsPropertyDefaultsPostProcessor : Devtools property defaults active! Set 'spring.devtools.add-properties' to 'false' to disable
2023-04-19T10:54:35.558+09:00  INFO 6468 --- [restartedMain] .e.DevToolsPropertyDefaultsPostProcessor : For additional web related logging consider setting the 'logging.level.web' property to 'DEBUG'
2023-04-19T10:54:35.986+09:00  INFO 6468 --- [restartedMain] .s.d.r.c.RepositoryConfigurationDelegate : Bootstrapping Spring Data JPA repositories in DEFAULT mode.
2023-04-19T10:54:36.021+09:00  INFO 6468 --- [restartedMain] .s.d.r.c.RepositoryConfigurationDelegate : Finished Spring Data repository scanning in 29 ms. Found 1 JPA repository interfaces.
2023-04-19T10:54:36.096+09:00  WARN 6468 --- [restartedMain] o.m.s.mapper.ClassPathMapperScanner      : No MyBatis mapper was found in '[kr.co.voard]' package. Please check your configuration.
2023-04-19T10:54:36.450+09:00  INFO 6468 --- [restartedMain] o.s.b.w.embedded.tomcat.TomcatWebServer  : Tomcat initialized with port(s): 8080 (http)
2023-04-19T10:54:36.458+09:00  INFO 6468 --- [restartedMain] o.apache.catalina.core.StandardService   : Starting service [Tomcat]
2023-04-19T10:54:36.458+09:00  INFO 6468 --- [restartedMain] o.apache.catalina.core.StandardEngine    : Starting Servlet engine: [Apache Tomcat/10.1.7]
2023-04-19T10:54:36.508+09:00  INFO 6468 --- [restartedMain] o.a.c.c.C.[Tomcat].[localhost].[/Voard]  : Initializing Spring embedded WebApplicationContext
2023-04-19T10:54:36.508+09:00  INFO 6468 --- [restartedMain] w.s.c.ServletWebServerApplicationContext : Root WebApplicationContext: initialization completed in 949 ms
2023-04-19T10:54:36.619+09:00  INFO 6468 --- [restartedMain] o.hibernate.jpa.internal.util.LogHelper  : HHH000204: Processing PersistenceUnitInfo [name: default]
2023-04-19T10:54:36.668+09:00  INFO 6468 --- [restartedMain] org.hibernate.Version                    : HHH000412: Hibernate ORM core version 6.1.7.Final
2023-04-19T10:54:36.894+09:00  INFO 6468 --- [restartedMain] com.zaxxer.hikari.HikariDataSource       : HikariPool-1 - Starting...
2023-04-19T10:54:37.097+09:00  INFO 6468 --- [restartedMain] com.zaxxer.hikari.pool.HikariPool        : HikariPool-1 - Added connection com.mysql.cj.jdbc.ConnectionImpl@19a2935a
2023-04-19T10:54:37.098+09:00  INFO 6468 --- [restartedMain] com.zaxxer.hikari.HikariDataSource       : HikariPool-1 - Start completed.
2023-04-19T10:54:37.144+09:00  INFO 6468 --- [restartedMain] SQL dialect                              : HHH000400: Using dialect: org.hibernate.dialect.MySQLDialect
2023-04-19T10:54:37.659+09:00  INFO 6468 --- [restartedMain] o.h.e.t.j.p.i.JtaPlatformInitiator       : HHH000490: Using JtaPlatform implementation: [org.hibernate.engine.transaction.jta.platform.internal.NoJtaPlatform]
2023-04-19T10:54:37.667+09:00  INFO 6468 --- [restartedMain] j.LocalContainerEntityManagerFactoryBean : Initialized JPA EntityManagerFactory for persistence unit 'default'
2023-04-19T10:54:37.946+09:00  WARN 6468 --- [restartedMain] JpaBaseConfiguration$JpaWebConfiguration : spring.jpa.open-in-view is enabled by default. Therefore, database queries may be performed during view rendering. Explicitly configure spring.jpa.open-in-view to disable this warning
2023-04-19T10:54:38.016+09:00  INFO 6468 --- [restartedMain] o.s.s.web.DefaultSecurityFilterChain     : Will secure any request with [org.springframework.security.web.session.DisableEncodeUrlFilter@68e0c83a, org.springframework.security.web.context.request.async.WebAsyncManagerIntegrationFilter@609d819b, org.springframework.security.web.context.SecurityContextHolderFilter@15fd8a36, org.springframework.security.web.header.HeaderWriterFilter@4832c21d, org.springframework.security.web.authentication.logout.LogoutFilter@3b227854, kr.co.voard.jwt.JwtAuthenticationFilter@786b0a0f, org.springframework.security.web.savedrequest.RequestCacheAwareFilter@2b26f336, org.springframework.security.web.servletapi.SecurityContextHolderAwareRequestFilter@2db62987, org.springframework.security.web.authentication.AnonymousAuthenticationFilter@37d87960, org.springframework.security.web.session.SessionManagementFilter@38e0d9b6, org.springframework.security.web.access.ExceptionTranslationFilter@619025b7]
2023-04-19T10:54:38.298+09:00  INFO 6468 --- [restartedMain] o.s.b.d.a.OptionalLiveReloadServer       : LiveReload server is running on port 35729
2023-04-19T10:54:38.323+09:00  INFO 6468 --- [restartedMain] o.s.b.w.embedded.tomcat.TomcatWebServer  : Tomcat started on port(s): 8080 (http) with context path '/Voard'
2023-04-19T10:54:38.329+09:00  INFO 6468 --- [restartedMain] kr.co.voard.VoardApplication             : Started VoardApplication in 3.081 seconds (process running for 3.552)
2023-04-19T10:55:59.221+09:00  INFO 6468 --- [File Watcher] rtingClassPathChangeChangedEventListener : Restarting due to 4 class path changes (0 additions, 0 deletions, 4 modifications)
2023-04-19T10:55:59.228+09:00  INFO 6468 --- [Thread-5] o.apache.catalina.core.StandardService   : Stopping service [Tomcat]
2023-04-19T10:55:59.230+09:00  WARN 6468 --- [Thread-5] o.a.c.loader.WebappClassLoaderBase       : The web application [Voard] appears to have started a thread named [HikariPool-1 housekeeper] but has failed to stop it. This is very likely to create a memory leak. Stack trace of thread:
 java.base@17.0.5/jdk.internal.misc.Unsafe.park(Native Method)
 java.base@17.0.5/java.util.concurrent.locks.LockSupport.parkNanos(LockSupport.java:252)
 java.base@17.0.5/java.util.concurrent.locks.AbstractQueuedSynchronizer$ConditionObject.awaitNanos(AbstractQueuedSynchronizer.java:1672)
 java.base@17.0.5/java.util.concurrent.ScheduledThreadPoolExecutor$DelayedWorkQueue.take(ScheduledThreadPoolExecutor.java:1182)
 java.base@17.0.5/java.util.concurrent.ScheduledThreadPoolExecutor$DelayedWorkQueue.take(ScheduledThreadPoolExecutor.java:899)
 java.base@17.0.5/java.util.concurrent.ThreadPoolExecutor.getTask(ThreadPoolExecutor.java:1062)
 java.base@17.0.5/java.util.concurrent.ThreadPoolExecutor.runWorker(ThreadPoolExecutor.java:1122)
 java.base@17.0.5/java.util.concurrent.ThreadPoolExecutor$Worker.run(ThreadPoolExecutor.java:635)
 java.base@17.0.5/java.lang.Thread.run(Thread.java:833)
2023-04-19T10:55:59.233+09:00  INFO 6468 --- [Thread-5] j.LocalContainerEntityManagerFactoryBean : Closing JPA EntityManagerFactory for persistence unit 'default'
2023-04-19T10:55:59.235+09:00  INFO 6468 --- [Thread-5] com.zaxxer.hikari.HikariDataSource       : HikariPool-1 - Shutdown initiated...
2023-04-19T10:55:59.239+09:00  INFO 6468 --- [Thread-5] com.zaxxer.hikari.HikariDataSource       : HikariPool-1 - Shutdown completed.
2023-04-19T10:55:59.287+09:00  INFO 6468 --- [restartedMain] kr.co.voard.VoardApplication             : Starting VoardApplication using Java 17.0.5 with PID 6468 (C:\Users\java1\Desktop\Workspace\SpringBoot\Voard\target\classes started by java1 in C:\Users\java1\Desktop\Workspace\SpringBoot\Voard)
2023-04-19T10:55:59.287+09:00  INFO 6468 --- [restartedMain] kr.co.voard.VoardApplication             : No active profile set, falling back to 1 default profile: "default"
2023-04-19T10:55:59.394+09:00  INFO 6468 --- [restartedMain] .s.d.r.c.RepositoryConfigurationDelegate : Bootstrapping Spring Data JPA repositories in DEFAULT mode.
2023-04-19T10:55:59.400+09:00  INFO 6468 --- [restartedMain] .s.d.r.c.RepositoryConfigurationDelegate : Finished Spring Data repository scanning in 6 ms. Found 1 JPA repository interfaces.
2023-04-19T10:55:59.422+09:00  WARN 6468 --- [restartedMain] o.m.s.mapper.ClassPathMapperScanner      : No MyBatis mapper was found in '[kr.co.voard]' package. Please check your configuration.
2023-04-19T10:55:59.458+09:00  INFO 6468 --- [restartedMain] o.s.b.w.embedded.tomcat.TomcatWebServer  : Tomcat initialized with port(s): 8080 (http)
2023-04-19T10:55:59.459+09:00  INFO 6468 --- [restartedMain] o.apache.catalina.core.StandardService   : Starting service [Tomcat]
2023-04-19T10:55:59.459+09:00  INFO 6468 --- [restartedMain] o.apache.catalina.core.StandardEngine    : Starting Servlet engine: [Apache Tomcat/10.1.7]
2023-04-19T10:55:59.470+09:00  INFO 6468 --- [restartedMain] o.a.c.c.C.[Tomcat].[localhost].[/Voard]  : Initializing Spring embedded WebApplicationContext
2023-04-19T10:55:59.470+09:00  INFO 6468 --- [restartedMain] w.s.c.ServletWebServerApplicationContext : Root WebApplicationContext: initialization completed in 181 ms
2023-04-19T10:55:59.491+09:00  INFO 6468 --- [restartedMain] o.hibernate.jpa.internal.util.LogHelper  : HHH000204: Processing PersistenceUnitInfo [name: default]
2023-04-19T10:55:59.498+09:00  INFO 6468 --- [restartedMain] com.zaxxer.hikari.HikariDataSource       : HikariPool-2 - Starting...
2023-04-19T10:55:59.509+09:00  INFO 6468 --- [restartedMain] com.zaxxer.hikari.pool.HikariPool        : HikariPool-2 - Added connection com.mysql.cj.jdbc.ConnectionImpl@2ede40f1
2023-04-19T10:55:59.509+09:00  INFO 6468 --- [restartedMain] com.zaxxer.hikari.HikariDataSource       : HikariPool-2 - Start completed.
2023-04-19T10:55:59.510+09:00  INFO 6468 --- [restartedMain] SQL dialect                              : HHH000400: Using dialect: org.hibernate.dialect.MySQLDialect
2023-04-19T10:55:59.557+09:00  INFO 6468 --- [restartedMain] o.h.e.t.j.p.i.JtaPlatformInitiator       : HHH000490: Using JtaPlatform implementation: [org.hibernate.engine.transaction.jta.platform.internal.NoJtaPlatform]
2023-04-19T10:55:59.557+09:00  INFO 6468 --- [restartedMain] j.LocalContainerEntityManagerFactoryBean : Initialized JPA EntityManagerFactory for persistence unit 'default'
2023-04-19T10:55:59.610+09:00  WARN 6468 --- [restartedMain] JpaBaseConfiguration$JpaWebConfiguration : spring.jpa.open-in-view is enabled by default. Therefore, database queries may be performed during view rendering. Explicitly configure spring.jpa.open-in-view to disable this warning
2023-04-19T10:55:59.617+09:00  INFO 6468 --- [restartedMain] o.s.s.web.DefaultSecurityFilterChain     : Will secure any request with [org.springframework.security.web.session.DisableEncodeUrlFilter@ad9d796, org.springframework.security.web.context.request.async.WebAsyncManagerIntegrationFilter@5d606976, org.springframework.security.web.context.SecurityContextHolderFilter@1cebe560, org.springframework.security.web.header.HeaderWriterFilter@14ffd4b2, org.springframework.security.web.authentication.logout.LogoutFilter@37dcd4e6, kr.co.voard.jwt.JwtAuthenticationFilter@1fb52475, org.springframework.security.web.savedrequest.RequestCacheAwareFilter@11558db6, org.springframework.security.web.servletapi.SecurityContextHolderAwareRequestFilter@7b65816a, org.springframework.security.web.authentication.AnonymousAuthenticationFilter@564b6d8d, org.springframework.security.web.session.SessionManagementFilter@2f94043a, org.springframework.security.web.access.ExceptionTranslationFilter@1333c013]
2023-04-19T10:55:59.677+09:00  INFO 6468 --- [restartedMain] o.s.b.d.a.OptionalLiveReloadServer       : LiveReload server is running on port 35729
2023-04-19T10:55:59.684+09:00  INFO 6468 --- [restartedMain] o.s.b.w.embedded.tomcat.TomcatWebServer  : Tomcat started on port(s): 8080 (http) with context path '/Voard'
2023-04-19T10:55:59.687+09:00  INFO 6468 --- [restartedMain] kr.co.voard.VoardApplication             : Started VoardApplication in 0.415 seconds (process running for 84.91)
2023-04-19T10:55:59.688+09:00  INFO 6468 --- [restartedMain] .ConditionEvaluationDeltaLoggingListener : Condition evaluation unchanged
2023-04-19T10:56:12.322+09:00  INFO 6468 --- [File Watcher] rtingClassPathChangeChangedEventListener : Restarting due to 1 class path change (0 additions, 0 deletions, 1 modification)
2023-04-19T10:56:12.327+09:00  INFO 6468 --- [Thread-7] o.apache.catalina.core.StandardService   : Stopping service [Tomcat]
2023-04-19T10:56:12.329+09:00  WARN 6468 --- [Thread-7] o.a.c.loader.WebappClassLoaderBase       : The web application [Voard] appears to have started a thread named [HikariPool-2 housekeeper] but has failed to stop it. This is very likely to create a memory leak. Stack trace of thread:
 java.base@17.0.5/jdk.internal.misc.Unsafe.park(Native Method)
 java.base@17.0.5/java.util.concurrent.locks.LockSupport.parkNanos(LockSupport.java:252)
 java.base@17.0.5/java.util.concurrent.locks.AbstractQueuedSynchronizer$ConditionObject.awaitNanos(AbstractQueuedSynchronizer.java:1672)
 java.base@17.0.5/java.util.concurrent.ScheduledThreadPoolExecutor$DelayedWorkQueue.take(ScheduledThreadPoolExecutor.java:1182)
 java.base@17.0.5/java.util.concurrent.ScheduledThreadPoolExecutor$DelayedWorkQueue.take(ScheduledThreadPoolExecutor.java:899)
 java.base@17.0.5/java.util.concurrent.ThreadPoolExecutor.getTask(ThreadPoolExecutor.java:1062)
 java.base@17.0.5/java.util.concurrent.ThreadPoolExecutor.runWorker(ThreadPoolExecutor.java:1122)
 java.base@17.0.5/java.util.concurrent.ThreadPoolExecutor$Worker.run(ThreadPoolExecutor.java:635)
 java.base@17.0.5/java.lang.Thread.run(Thread.java:833)
2023-04-19T10:56:12.330+09:00  INFO 6468 --- [Thread-7] j.LocalContainerEntityManagerFactoryBean : Closing JPA EntityManagerFactory for persistence unit 'default'
2023-04-19T10:56:12.331+09:00  INFO 6468 --- [Thread-7] com.zaxxer.hikari.HikariDataSource       : HikariPool-2 - Shutdown initiated...
2023-04-19T10:56:12.333+09:00  INFO 6468 --- [Thread-7] com.zaxxer.hikari.HikariDataSource       : HikariPool-2 - Shutdown completed.
2023-04-19T10:56:12.382+09:00  INFO 6468 --- [restartedMain] kr.co.voard.VoardApplication             : Starting VoardApplication using Java 17.0.5 with PID 6468 (C:\Users\java1\Desktop\Workspace\SpringBoot\Voard\target\classes started by java1 in C:\Users\java1\Desktop\Workspace\SpringBoot\Voard)
2023-04-19T10:56:12.382+09:00  INFO 6468 --- [restartedMain] kr.co.voard.VoardApplication             : No active profile set, falling back to 1 default profile: "default"
2023-04-19T10:56:12.480+09:00  INFO 6468 --- [restartedMain] .s.d.r.c.RepositoryConfigurationDelegate : Bootstrapping Spring Data JPA repositories in DEFAULT mode.
2023-04-19T10:56:12.485+09:00  INFO 6468 --- [restartedMain] .s.d.r.c.RepositoryConfigurationDelegate : Finished Spring Data repository scanning in 5 ms. Found 1 JPA repository interfaces.
2023-04-19T10:56:12.505+09:00  WARN 6468 --- [restartedMain] o.m.s.mapper.ClassPathMapperScanner      : No MyBatis mapper was found in '[kr.co.voard]' package. Please check your configuration.
2023-04-19T10:56:12.536+09:00  INFO 6468 --- [restartedMain] o.s.b.w.embedded.tomcat.TomcatWebServer  : Tomcat initialized with port(s): 8080 (http)
2023-04-19T10:56:12.537+09:00  INFO 6468 --- [restartedMain] o.apache.catalina.core.StandardService   : Starting service [Tomcat]
2023-04-19T10:56:12.537+09:00  INFO 6468 --- [restartedMain] o.apache.catalina.core.StandardEngine    : Starting Servlet engine: [Apache Tomcat/10.1.7]
2023-04-19T10:56:12.547+09:00  INFO 6468 --- [restartedMain] o.a.c.c.C.[Tomcat].[localhost].[/Voard]  : Initializing Spring embedded WebApplicationContext
2023-04-19T10:56:12.547+09:00  INFO 6468 --- [restartedMain] w.s.c.ServletWebServerApplicationContext : Root WebApplicationContext: initialization completed in 163 ms
2023-04-19T10:56:12.566+09:00  INFO 6468 --- [restartedMain] o.hibernate.jpa.internal.util.LogHelper  : HHH000204: Processing PersistenceUnitInfo [name: default]
2023-04-19T10:56:12.571+09:00  INFO 6468 --- [restartedMain] com.zaxxer.hikari.HikariDataSource       : HikariPool-3 - Starting...
2023-04-19T10:56:12.578+09:00  INFO 6468 --- [restartedMain] com.zaxxer.hikari.pool.HikariPool        : HikariPool-3 - Added connection com.mysql.cj.jdbc.ConnectionImpl@25858063
2023-04-19T10:56:12.578+09:00  INFO 6468 --- [restartedMain] com.zaxxer.hikari.HikariDataSource       : HikariPool-3 - Start completed.
2023-04-19T10:56:12.579+09:00  INFO 6468 --- [restartedMain] SQL dialect                              : HHH000400: Using dialect: org.hibernate.dialect.MySQLDialect
2023-04-19T10:56:12.603+09:00  INFO 6468 --- [restartedMain] o.h.e.t.j.p.i.JtaPlatformInitiator       : HHH000490: Using JtaPlatform implementation: [org.hibernate.engine.transaction.jta.platform.internal.NoJtaPlatform]
2023-04-19T10:56:12.603+09:00  INFO 6468 --- [restartedMain] j.LocalContainerEntityManagerFactoryBean : Initialized JPA EntityManagerFactory for persistence unit 'default'
2023-04-19T10:56:12.648+09:00  WARN 6468 --- [restartedMain] JpaBaseConfiguration$JpaWebConfiguration : spring.jpa.open-in-view is enabled by default. Therefore, database queries may be performed during view rendering. Explicitly configure spring.jpa.open-in-view to disable this warning
2023-04-19T10:56:12.654+09:00  INFO 6468 --- [restartedMain] o.s.s.web.DefaultSecurityFilterChain     : Will secure any request with [org.springframework.security.web.session.DisableEncodeUrlFilter@49f66d2c, org.springframework.security.web.context.request.async.WebAsyncManagerIntegrationFilter@5377ba2, org.springframework.security.web.context.SecurityContextHolderFilter@4d7a8f70, org.springframework.security.web.header.HeaderWriterFilter@31356b71, org.springframework.security.web.authentication.logout.LogoutFilter@3b078c54, kr.co.voard.jwt.JwtAuthenticationFilter@18f6d193, org.springframework.security.web.savedrequest.RequestCacheAwareFilter@16ec9ded, org.springframework.security.web.servletapi.SecurityContextHolderAwareRequestFilter@c1802a2, org.springframework.security.web.authentication.AnonymousAuthenticationFilter@5b45813a, org.springframework.security.web.session.SessionManagementFilter@7a8a8475, org.springframework.security.web.access.ExceptionTranslationFilter@28fe7664]
2023-04-19T10:56:12.706+09:00  INFO 6468 --- [restartedMain] o.s.b.d.a.OptionalLiveReloadServer       : LiveReload server is running on port 35729
2023-04-19T10:56:12.714+09:00  INFO 6468 --- [restartedMain] o.s.b.w.embedded.tomcat.TomcatWebServer  : Tomcat started on port(s): 8080 (http) with context path '/Voard'
2023-04-19T10:56:12.716+09:00  INFO 6468 --- [restartedMain] kr.co.voard.VoardApplication             : Started VoardApplication in 0.349 seconds (process running for 97.94)
2023-04-19T10:56:12.717+09:00  INFO 6468 --- [restartedMain] .ConditionEvaluationDeltaLoggingListener : Condition evaluation unchanged
2023-04-19T10:56:19.226+09:00  INFO 6468 --- [File Watcher] rtingClassPathChangeChangedEventListener : Restarting due to 1 class path change (0 additions, 0 deletions, 1 modification)
2023-04-19T10:56:19.231+09:00  INFO 6468 --- [Thread-11] o.apache.catalina.core.StandardService   : Stopping service [Tomcat]
2023-04-19T10:56:19.232+09:00  WARN 6468 --- [Thread-11] o.a.c.loader.WebappClassLoaderBase       : The web application [Voard] appears to have started a thread named [HikariPool-3 housekeeper] but has failed to stop it. This is very likely to create a memory leak. Stack trace of thread:
 java.base@17.0.5/jdk.internal.misc.Unsafe.park(Native Method)
 java.base@17.0.5/java.util.concurrent.locks.LockSupport.parkNanos(LockSupport.java:252)
 java.base@17.0.5/java.util.concurrent.locks.AbstractQueuedSynchronizer$ConditionObject.awaitNanos(AbstractQueuedSynchronizer.java:1672)
 java.base@17.0.5/java.util.concurrent.ScheduledThreadPoolExecutor$DelayedWorkQueue.take(ScheduledThreadPoolExecutor.java:1182)
 java.base@17.0.5/java.util.concurrent.ScheduledThreadPoolExecutor$DelayedWorkQueue.take(ScheduledThreadPoolExecutor.java:899)
 java.base@17.0.5/java.util.concurrent.ThreadPoolExecutor.getTask(ThreadPoolExecutor.java:1062)
 java.base@17.0.5/java.util.concurrent.ThreadPoolExecutor.runWorker(ThreadPoolExecutor.java:1122)
 java.base@17.0.5/java.util.concurrent.ThreadPoolExecutor$Worker.run(ThreadPoolExecutor.java:635)
 java.base@17.0.5/java.lang.Thread.run(Thread.java:833)
2023-04-19T10:56:19.233+09:00  INFO 6468 --- [Thread-11] j.LocalContainerEntityManagerFactoryBean : Closing JPA EntityManagerFactory for persistence unit 'default'
2023-04-19T10:56:19.235+09:00  INFO 6468 --- [Thread-11] com.zaxxer.hikari.HikariDataSource       : HikariPool-3 - Shutdown initiated...
2023-04-19T10:56:19.237+09:00  INFO 6468 --- [Thread-11] com.zaxxer.hikari.HikariDataSource       : HikariPool-3 - Shutdown completed.
2023-04-19T10:56:19.281+09:00  INFO 6468 --- [restartedMain] kr.co.voard.VoardApplication             : Starting VoardApplication using Java 17.0.5 with PID 6468 (C:\Users\java1\Desktop\Workspace\SpringBoot\Voard\target\classes started by java1 in C:\Users\java1\Desktop\Workspace\SpringBoot\Voard)
2023-04-19T10:56:19.282+09:00  INFO 6468 --- [restartedMain] kr.co.voard.VoardApplication             : No active profile set, falling back to 1 default profile: "default"
2023-04-19T10:56:19.382+09:00  INFO 6468 --- [restartedMain] .s.d.r.c.RepositoryConfigurationDelegate : Bootstrapping Spring Data JPA repositories in DEFAULT mode.
2023-04-19T10:56:19.388+09:00  INFO 6468 --- [restartedMain] .s.d.r.c.RepositoryConfigurationDelegate : Finished Spring Data repository scanning in 5 ms. Found 1 JPA repository interfaces.
2023-04-19T10:56:19.407+09:00  WARN 6468 --- [restartedMain] o.m.s.mapper.ClassPathMapperScanner      : No MyBatis mapper was found in '[kr.co.voard]' package. Please check your configuration.
2023-04-19T10:56:19.438+09:00  INFO 6468 --- [restartedMain] o.s.b.w.embedded.tomcat.TomcatWebServer  : Tomcat initialized with port(s): 8080 (http)
2023-04-19T10:56:19.439+09:00  INFO 6468 --- [restartedMain] o.apache.catalina.core.StandardService   : Starting service [Tomcat]
2023-04-19T10:56:19.439+09:00  INFO 6468 --- [restartedMain] o.apache.catalina.core.StandardEngine    : Starting Servlet engine: [Apache Tomcat/10.1.7]
2023-04-19T10:56:19.449+09:00  INFO 6468 --- [restartedMain] o.a.c.c.C.[Tomcat].[localhost].[/Voard]  : Initializing Spring embedded WebApplicationContext
2023-04-19T10:56:19.449+09:00  INFO 6468 --- [restartedMain] w.s.c.ServletWebServerApplicationContext : Root WebApplicationContext: initialization completed in 166 ms
2023-04-19T10:56:19.469+09:00  INFO 6468 --- [restartedMain] o.hibernate.jpa.internal.util.LogHelper  : HHH000204: Processing PersistenceUnitInfo [name: default]
2023-04-19T10:56:19.473+09:00  INFO 6468 --- [restartedMain] com.zaxxer.hikari.HikariDataSource       : HikariPool-4 - Starting...
2023-04-19T10:56:19.480+09:00  INFO 6468 --- [restartedMain] com.zaxxer.hikari.pool.HikariPool        : HikariPool-4 - Added connection com.mysql.cj.jdbc.ConnectionImpl@699e57b8
2023-04-19T10:56:19.480+09:00  INFO 6468 --- [restartedMain] com.zaxxer.hikari.HikariDataSource       : HikariPool-4 - Start completed.
2023-04-19T10:56:19.480+09:00  INFO 6468 --- [restartedMain] SQL dialect                              : HHH000400: Using dialect: org.hibernate.dialect.MySQLDialect
2023-04-19T10:56:19.507+09:00  INFO 6468 --- [restartedMain] o.h.e.t.j.p.i.JtaPlatformInitiator       : HHH000490: Using JtaPlatform implementation: [org.hibernate.engine.transaction.jta.platform.internal.NoJtaPlatform]
2023-04-19T10:56:19.507+09:00  INFO 6468 --- [restartedMain] j.LocalContainerEntityManagerFactoryBean : Initialized JPA EntityManagerFactory for persistence unit 'default'
2023-04-19T10:56:19.556+09:00  WARN 6468 --- [restartedMain] JpaBaseConfiguration$JpaWebConfiguration : spring.jpa.open-in-view is enabled by default. Therefore, database queries may be performed during view rendering. Explicitly configure spring.jpa.open-in-view to disable this warning
2023-04-19T10:56:19.563+09:00  INFO 6468 --- [restartedMain] o.s.s.web.DefaultSecurityFilterChain     : Will secure any request with [org.springframework.security.web.session.DisableEncodeUrlFilter@734282f, org.springframework.security.web.context.request.async.WebAsyncManagerIntegrationFilter@7ca2c92a, org.springframework.security.web.context.SecurityContextHolderFilter@50a0601f, org.springframework.security.web.header.HeaderWriterFilter@27ccf380, org.springframework.security.web.authentication.logout.LogoutFilter@3984536a, kr.co.voard.jwt.JwtAuthenticationFilter@b4e9640, org.springframework.security.web.savedrequest.RequestCacheAwareFilter@68daca87, org.springframework.security.web.servletapi.SecurityContextHolderAwareRequestFilter@284a74ef, org.springframework.security.web.authentication.AnonymousAuthenticationFilter@2db16ae3, org.springframework.security.web.session.SessionManagementFilter@32fe102d, org.springframework.security.web.access.ExceptionTranslationFilter@3051027e]
2023-04-19T10:56:19.619+09:00  INFO 6468 --- [restartedMain] o.s.b.d.a.OptionalLiveReloadServer       : LiveReload server is running on port 35729
2023-04-19T10:56:19.627+09:00  INFO 6468 --- [restartedMain] o.s.b.w.embedded.tomcat.TomcatWebServer  : Tomcat started on port(s): 8080 (http) with context path '/Voard'
2023-04-19T10:56:19.630+09:00  INFO 6468 --- [restartedMain] kr.co.voard.VoardApplication             : Started VoardApplication in 0.364 seconds (process running for 104.853)
2023-04-19T10:56:19.630+09:00  INFO 6468 --- [restartedMain] .ConditionEvaluationDeltaLoggingListener : Condition evaluation unchanged
2023-04-19T10:56:36.342+09:00  INFO 6468 --- [File Watcher] rtingClassPathChangeChangedEventListener : Restarting due to 1 class path change (0 additions, 0 deletions, 1 modification)
2023-04-19T10:56:36.346+09:00  INFO 6468 --- [Thread-15] o.apache.catalina.core.StandardService   : Stopping service [Tomcat]
2023-04-19T10:56:36.348+09:00  WARN 6468 --- [Thread-15] o.a.c.loader.WebappClassLoaderBase       : The web application [Voard] appears to have started a thread named [HikariPool-4 housekeeper] but has failed to stop it. This is very likely to create a memory leak. Stack trace of thread:
 java.base@17.0.5/jdk.internal.misc.Unsafe.park(Native Method)
 java.base@17.0.5/java.util.concurrent.locks.LockSupport.parkNanos(LockSupport.java:252)
 java.base@17.0.5/java.util.concurrent.locks.AbstractQueuedSynchronizer$ConditionObject.awaitNanos(AbstractQueuedSynchronizer.java:1672)
 java.base@17.0.5/java.util.concurrent.ScheduledThreadPoolExecutor$DelayedWorkQueue.take(ScheduledThreadPoolExecutor.java:1182)
 java.base@17.0.5/java.util.concurrent.ScheduledThreadPoolExecutor$DelayedWorkQueue.take(ScheduledThreadPoolExecutor.java:899)
 java.base@17.0.5/java.util.concurrent.ThreadPoolExecutor.getTask(ThreadPoolExecutor.java:1062)
 java.base@17.0.5/java.util.concurrent.ThreadPoolExecutor.runWorker(ThreadPoolExecutor.java:1122)
 java.base@17.0.5/java.util.concurrent.ThreadPoolExecutor$Worker.run(ThreadPoolExecutor.java:635)
 java.base@17.0.5/java.lang.Thread.run(Thread.java:833)
2023-04-19T10:56:36.349+09:00  INFO 6468 --- [Thread-15] j.LocalContainerEntityManagerFactoryBean : Closing JPA EntityManagerFactory for persistence unit 'default'
2023-04-19T10:56:36.349+09:00  INFO 6468 --- [Thread-15] com.zaxxer.hikari.HikariDataSource       : HikariPool-4 - Shutdown initiated...
2023-04-19T10:56:36.351+09:00  INFO 6468 --- [Thread-15] com.zaxxer.hikari.HikariDataSource       : HikariPool-4 - Shutdown completed.
2023-04-19T10:56:36.392+09:00  INFO 6468 --- [restartedMain] kr.co.voard.VoardApplication             : Starting VoardApplication using Java 17.0.5 with PID 6468 (C:\Users\java1\Desktop\Workspace\SpringBoot\Voard\target\classes started by java1 in C:\Users\java1\Desktop\Workspace\SpringBoot\Voard)
2023-04-19T10:56:36.393+09:00  INFO 6468 --- [restartedMain] kr.co.voard.VoardApplication             : No active profile set, falling back to 1 default profile: "default"
2023-04-19T10:56:36.488+09:00  INFO 6468 --- [restartedMain] .s.d.r.c.RepositoryConfigurationDelegate : Bootstrapping Spring Data JPA repositories in DEFAULT mode.
2023-04-19T10:56:36.493+09:00  INFO 6468 --- [restartedMain] .s.d.r.c.RepositoryConfigurationDelegate : Finished Spring Data repository scanning in 4 ms. Found 1 JPA repository interfaces.
2023-04-19T10:56:36.512+09:00  WARN 6468 --- [restartedMain] o.m.s.mapper.ClassPathMapperScanner      : No MyBatis mapper was found in '[kr.co.voard]' package. Please check your configuration.
2023-04-19T10:56:36.541+09:00  INFO 6468 --- [restartedMain] o.s.b.w.embedded.tomcat.TomcatWebServer  : Tomcat initialized with port(s): 8080 (http)
2023-04-19T10:56:36.542+09:00  INFO 6468 --- [restartedMain] o.apache.catalina.core.StandardService   : Starting service [Tomcat]
2023-04-19T10:56:36.542+09:00  INFO 6468 --- [restartedMain] o.apache.catalina.core.StandardEngine    : Starting Servlet engine: [Apache Tomcat/10.1.7]
2023-04-19T10:56:36.552+09:00  INFO 6468 --- [restartedMain] o.a.c.c.C.[Tomcat].[localhost].[/Voard]  : Initializing Spring embedded WebApplicationContext
2023-04-19T10:56:36.552+09:00  INFO 6468 --- [restartedMain] w.s.c.ServletWebServerApplicationContext : Root WebApplicationContext: initialization completed in 158 ms
2023-04-19T10:56:36.571+09:00  INFO 6468 --- [restartedMain] o.hibernate.jpa.internal.util.LogHelper  : HHH000204: Processing PersistenceUnitInfo [name: default]
2023-04-19T10:56:36.575+09:00  INFO 6468 --- [restartedMain] com.zaxxer.hikari.HikariDataSource       : HikariPool-5 - Starting...
2023-04-19T10:56:36.581+09:00  INFO 6468 --- [restartedMain] com.zaxxer.hikari.pool.HikariPool        : HikariPool-5 - Added connection com.mysql.cj.jdbc.ConnectionImpl@75dced39
2023-04-19T10:56:36.581+09:00  INFO 6468 --- [restartedMain] com.zaxxer.hikari.HikariDataSource       : HikariPool-5 - Start completed.
2023-04-19T10:56:36.582+09:00  INFO 6468 --- [restartedMain] SQL dialect                              : HHH000400: Using dialect: org.hibernate.dialect.MySQLDialect
2023-04-19T10:56:36.655+09:00  INFO 6468 --- [restartedMain] o.h.e.t.j.p.i.JtaPlatformInitiator       : HHH000490: Using JtaPlatform implementation: [org.hibernate.engine.transaction.jta.platform.internal.NoJtaPlatform]
2023-04-19T10:56:36.655+09:00  INFO 6468 --- [restartedMain] j.LocalContainerEntityManagerFactoryBean : Initialized JPA EntityManagerFactory for persistence unit 'default'
2023-04-19T10:56:36.701+09:00  WARN 6468 --- [restartedMain] JpaBaseConfiguration$JpaWebConfiguration : spring.jpa.open-in-view is enabled by default. Therefore, database queries may be performed during view rendering. Explicitly configure spring.jpa.open-in-view to disable this warning
2023-04-19T10:56:36.707+09:00  INFO 6468 --- [restartedMain] o.s.s.web.DefaultSecurityFilterChain     : Will secure any request with [org.springframework.security.web.session.DisableEncodeUrlFilter@d353607, org.springframework.security.web.context.request.async.WebAsyncManagerIntegrationFilter@22ea57cd, org.springframework.security.web.context.SecurityContextHolderFilter@6fd39b7b, org.springframework.security.web.header.HeaderWriterFilter@2a3dd401, org.springframework.security.web.authentication.logout.LogoutFilter@2cc77f24, kr.co.voard.jwt.JwtAuthenticationFilter@45414542, org.springframework.security.web.savedrequest.RequestCacheAwareFilter@742abf24, org.springframework.security.web.servletapi.SecurityContextHolderAwareRequestFilter@30f3f07c, org.springframework.security.web.authentication.AnonymousAuthenticationFilter@1c17671c, org.springframework.security.web.session.SessionManagementFilter@306be960, org.springframework.security.web.access.ExceptionTranslationFilter@763dabfe]
2023-04-19T10:56:36.759+09:00  INFO 6468 --- [restartedMain] o.s.b.d.a.OptionalLiveReloadServer       : LiveReload server is running on port 35729
2023-04-19T10:56:36.766+09:00  INFO 6468 --- [restartedMain] o.s.b.w.embedded.tomcat.TomcatWebServer  : Tomcat started on port(s): 8080 (http) with context path '/Voard'
2023-04-19T10:56:36.768+09:00  INFO 6468 --- [restartedMain] kr.co.voard.VoardApplication             : Started VoardApplication in 0.39 seconds (process running for 121.992)
2023-04-19T10:56:36.769+09:00  INFO 6468 --- [restartedMain] .ConditionEvaluationDeltaLoggingListener : Condition evaluation unchanged
2023-04-19T11:10:58.042+09:00  INFO 6468 --- [http-nio-8080-exec-10] o.a.c.c.C.[Tomcat].[localhost].[/Voard]  : Initializing Spring DispatcherServlet 'dispatcherServlet'
2023-04-19T11:10:58.043+09:00  INFO 6468 --- [http-nio-8080-exec-10] o.s.web.servlet.DispatcherServlet        : Initializing Servlet 'dispatcherServlet'
2023-04-19T11:10:58.045+09:00  INFO 6468 --- [http-nio-8080-exec-10] o.s.web.servlet.DispatcherServlet        : Completed initialization in 2 ms
2023-04-19T11:10:58.056+09:00  INFO 6468 --- [http-nio-8080-exec-10] k.co.voard.jwt.JwtAuthenticationFilter   : doFilterInternal...1
2023-04-19T11:10:58.056+09:00  INFO 6468 --- [http-nio-8080-exec-10] k.co.voard.jwt.JwtAuthenticationFilter   : doFilterInternal...2 : null
2023-04-19T11:10:58.083+09:00  INFO 6468 --- [http-nio-8080-exec-1] k.co.voard.jwt.JwtAuthenticationFilter   : doFilterInternal...1
2023-04-19T11:10:58.083+09:00  INFO 6468 --- [http-nio-8080-exec-1] k.co.voard.jwt.JwtAuthenticationFilter   : doFilterInternal...2 : eyJhbGciOiJIUzI1NiJ9.eyJzdWIiOiJhMTAxIiwiaWF0IjoxNjgxNzAwOTM3LCJleHAiOjE2ODE3MDQ1Mzd9.A3ctTy-3Bd07kpyLFcsH0rBj24xaiIDW2wVefkmgJgs
2023-04-19T11:10:58.121+09:00 ERROR 6468 --- [http-nio-8080-exec-1] o.a.c.c.C.[.[.[.[dispatcherServlet]      : Servlet.service() for servlet [dispatcherServlet] in context with path [/Voard] threw exception

io.jsonwebtoken.ExpiredJwtException: JWT expired at 2023-04-17T04:08:57Z. Current time: 2023-04-19T02:10:58Z, a difference of 165721120 milliseconds.  Allowed clock skew: 0 milliseconds.
	at io.jsonwebtoken.impl.DefaultJwtParser.parse(DefaultJwtParser.java:427) ~[jjwt-impl-0.11.5.jar:0.11.5]
	at io.jsonwebtoken.impl.DefaultJwtParser.parse(DefaultJwtParser.java:529) ~[jjwt-impl-0.11.5.jar:0.11.5]
	at io.jsonwebtoken.impl.DefaultJwtParser.parseClaimsJws(DefaultJwtParser.java:589) ~[jjwt-impl-0.11.5.jar:0.11.5]
	at io.jsonwebtoken.impl.ImmutableJwtParser.parseClaimsJws(ImmutableJwtParser.java:173) ~[jjwt-impl-0.11.5.jar:0.11.5]
	at kr.co.voard.jwt.JWTUtil.getClaimFromToken(JWTUtil.java:37) ~[classes/:na]
	at kr.co.voard.jwt.JWTUtil.validateToken(JWTUtil.java:51) ~[classes/:na]
	at kr.co.voard.jwt.JwtAuthenticationFilter.doFilterInternal(JwtAuthenticationFilter.java:38) ~[classes/:na]
	at org.springframework.web.filter.OncePerRequestFilter.doFilter(OncePerRequestFilter.java:116) ~[spring-web-6.0.7.jar:6.0.7]
	at org.springframework.security.web.FilterChainProxy$VirtualFilterChain.doFilter(FilterChainProxy.java:374) ~[spring-security-web-6.0.2.jar:6.0.2]
	at org.springframework.security.web.authentication.logout.LogoutFilter.doFilter(LogoutFilter.java:107) ~[spring-security-web-6.0.2.jar:6.0.2]
	at org.springframework.security.web.authentication.logout.LogoutFilter.doFilter(LogoutFilter.java:93) ~[spring-security-web-6.0.2.jar:6.0.2]
	at org.springframework.security.web.FilterChainProxy$VirtualFilterChain.doFilter(FilterChainProxy.java:374) ~[spring-security-web-6.0.2.jar:6.0.2]
	at org.springframework.security.web.header.HeaderWriterFilter.doHeadersAfter(HeaderWriterFilter.java:90) ~[spring-security-web-6.0.2.jar:6.0.2]
	at org.springframework.security.web.header.HeaderWriterFilter.doFilterInternal(HeaderWriterFilter.java:75) ~[spring-security-web-6.0.2.jar:6.0.2]
	at org.springframework.web.filter.OncePerRequestFilter.doFilter(OncePerRequestFilter.java:116) ~[spring-web-6.0.7.jar:6.0.7]
	at org.springframework.security.web.FilterChainProxy$VirtualFilterChain.doFilter(FilterChainProxy.java:374) ~[spring-security-web-6.0.2.jar:6.0.2]
	at org.springframework.security.web.context.SecurityContextHolderFilter.doFilter(SecurityContextHolderFilter.java:82) ~[spring-security-web-6.0.2.jar:6.0.2]
	at org.springframework.security.web.context.SecurityContextHolderFilter.doFilter(SecurityContextHolderFilter.java:69) ~[spring-security-web-6.0.2.jar:6.0.2]
	at org.springframework.security.web.FilterChainProxy$VirtualFilterChain.doFilter(FilterChainProxy.java:374) ~[spring-security-web-6.0.2.jar:6.0.2]
	at org.springframework.security.web.context.request.async.WebAsyncManagerIntegrationFilter.doFilterInternal(WebAsyncManagerIntegrationFilter.java:62) ~[spring-security-web-6.0.2.jar:6.0.2]
	at org.springframework.web.filter.OncePerRequestFilter.doFilter(OncePerRequestFilter.java:116) ~[spring-web-6.0.7.jar:6.0.7]
	at org.springframework.security.web.FilterChainProxy$VirtualFilterChain.doFilter(FilterChainProxy.java:374) ~[spring-security-web-6.0.2.jar:6.0.2]
	at org.springframework.security.web.session.DisableEncodeUrlFilter.doFilterInternal(DisableEncodeUrlFilter.java:42) ~[spring-security-web-6.0.2.jar:6.0.2]
	at org.springframework.web.filter.OncePerRequestFilter.doFilter(OncePerRequestFilter.java:116) ~[spring-web-6.0.7.jar:6.0.7]
	at org.springframework.security.web.FilterChainProxy$VirtualFilterChain.doFilter(FilterChainProxy.java:374) ~[spring-security-web-6.0.2.jar:6.0.2]
	at org.springframework.security.web.FilterChainProxy.doFilterInternal(FilterChainProxy.java:233) ~[spring-security-web-6.0.2.jar:6.0.2]
	at org.springframework.security.web.FilterChainProxy.doFilter(FilterChainProxy.java:191) ~[spring-security-web-6.0.2.jar:6.0.2]
	at org.springframework.web.filter.DelegatingFilterProxy.invokeDelegate(DelegatingFilterProxy.java:352) ~[spring-web-6.0.7.jar:6.0.7]
	at org.springframework.web.filter.DelegatingFilterProxy.doFilter(DelegatingFilterProxy.java:268) ~[spring-web-6.0.7.jar:6.0.7]
	at org.apache.catalina.core.ApplicationFilterChain.internalDoFilter(ApplicationFilterChain.java:174) ~[tomcat-embed-core-10.1.7.jar:10.1.7]
	at org.apache.catalina.core.ApplicationFilterChain.doFilter(ApplicationFilterChain.java:149) ~[tomcat-embed-core-10.1.7.jar:10.1.7]
	at org.springframework.web.filter.RequestContextFilter.doFilterInternal(RequestContextFilter.java:100) ~[spring-web-6.0.7.jar:6.0.7]
	at org.springframework.web.filter.OncePerRequestFilter.doFilter(OncePerRequestFilter.java:116) ~[spring-web-6.0.7.jar:6.0.7]
	at org.apache.catalina.core.ApplicationFilterChain.internalDoFilter(ApplicationFilterChain.java:174) ~[tomcat-embed-core-10.1.7.jar:10.1.7]
	at org.apache.catalina.core.ApplicationFilterChain.doFilter(ApplicationFilterChain.java:149) ~[tomcat-embed-core-10.1.7.jar:10.1.7]
	at org.springframework.web.filter.FormContentFilter.doFilterInternal(FormContentFilter.java:93) ~[spring-web-6.0.7.jar:6.0.7]
	at org.springframework.web.filter.OncePerRequestFilter.doFilter(OncePerRequestFilter.java:116) ~[spring-web-6.0.7.jar:6.0.7]
	at org.apache.catalina.core.ApplicationFilterChain.internalDoFilter(ApplicationFilterChain.java:174) ~[tomcat-embed-core-10.1.7.jar:10.1.7]
	at org.apache.catalina.core.ApplicationFilterChain.doFilter(ApplicationFilterChain.java:149) ~[tomcat-embed-core-10.1.7.jar:10.1.7]
	at org.springframework.web.filter.CharacterEncodingFilter.doFilterInternal(CharacterEncodingFilter.java:201) ~[spring-web-6.0.7.jar:6.0.7]
	at org.springframework.web.filter.OncePerRequestFilter.doFilter(OncePerRequestFilter.java:116) ~[spring-web-6.0.7.jar:6.0.7]
	at org.apache.catalina.core.ApplicationFilterChain.internalDoFilter(ApplicationFilterChain.java:174) ~[tomcat-embed-core-10.1.7.jar:10.1.7]
	at org.apache.catalina.core.ApplicationFilterChain.doFilter(ApplicationFilterChain.java:149) ~[tomcat-embed-core-10.1.7.jar:10.1.7]
	at org.apache.catalina.core.StandardWrapperValve.invoke(StandardWrapperValve.java:166) ~[tomcat-embed-core-10.1.7.jar:10.1.7]
	at org.apache.catalina.core.StandardContextValve.invoke(StandardContextValve.java:90) ~[tomcat-embed-core-10.1.7.jar:10.1.7]
	at org.apache.catalina.authenticator.AuthenticatorBase.invoke(AuthenticatorBase.java:493) ~[tomcat-embed-core-10.1.7.jar:10.1.7]
	at org.apache.catalina.core.StandardHostValve.invoke(StandardHostValve.java:115) ~[tomcat-embed-core-10.1.7.jar:10.1.7]
	at org.apache.catalina.valves.ErrorReportValve.invoke(ErrorReportValve.java:93) ~[tomcat-embed-core-10.1.7.jar:10.1.7]
	at org.apache.catalina.core.StandardEngineValve.invoke(StandardEngineValve.java:74) ~[tomcat-embed-core-10.1.7.jar:10.1.7]
	at org.apache.catalina.connector.CoyoteAdapter.service(CoyoteAdapter.java:341) ~[tomcat-embed-core-10.1.7.jar:10.1.7]
	at org.apache.coyote.http11.Http11Processor.service(Http11Processor.java:390) ~[tomcat-embed-core-10.1.7.jar:10.1.7]
	at org.apache.coyote.AbstractProcessorLight.process(AbstractProcessorLight.java:63) ~[tomcat-embed-core-10.1.7.jar:10.1.7]
	at org.apache.coyote.AbstractProtocol$ConnectionHandler.process(AbstractProtocol.java:894) ~[tomcat-embed-core-10.1.7.jar:10.1.7]
	at org.apache.tomcat.util.net.NioEndpoint$SocketProcessor.doRun(NioEndpoint.java:1741) ~[tomcat-embed-core-10.1.7.jar:10.1.7]
	at org.apache.tomcat.util.net.SocketProcessorBase.run(SocketProcessorBase.java:52) ~[tomcat-embed-core-10.1.7.jar:10.1.7]
	at org.apache.tomcat.util.threads.ThreadPoolExecutor.runWorker(ThreadPoolExecutor.java:1191) ~[tomcat-embed-core-10.1.7.jar:10.1.7]
	at org.apache.tomcat.util.threads.ThreadPoolExecutor$Worker.run(ThreadPoolExecutor.java:659) ~[tomcat-embed-core-10.1.7.jar:10.1.7]
	at org.apache.tomcat.util.threads.TaskThread$WrappingRunnable.run(TaskThread.java:61) ~[tomcat-embed-core-10.1.7.jar:10.1.7]
	at java.base/java.lang.Thread.run(Thread.java:833) ~[na:na]

2023-04-19T11:11:57.107+09:00  INFO 6468 --- [http-nio-8080-exec-2] k.co.voard.jwt.JwtAuthenticationFilter   : doFilterInternal...1
2023-04-19T11:11:57.108+09:00  INFO 6468 --- [http-nio-8080-exec-2] k.co.voard.jwt.JwtAuthenticationFilter   : doFilterInternal...2 : eyJhbGciOiJIUzI1NiJ9.eyJzdWIiOiJhMTAxIiwiaWF0IjoxNjgxNzAwOTM3LCJleHAiOjE2ODE3MDQ1Mzd9.A3ctTy-3Bd07kpyLFcsH0rBj24xaiIDW2wVefkmgJgs
2023-04-19T11:11:57.109+09:00 ERROR 6468 --- [http-nio-8080-exec-2] o.a.c.c.C.[.[.[.[dispatcherServlet]      : Servlet.service() for servlet [dispatcherServlet] in context with path [/Voard] threw exception

io.jsonwebtoken.ExpiredJwtException: JWT expired at 2023-04-17T04:08:57Z. Current time: 2023-04-19T02:11:57Z, a difference of 165780109 milliseconds.  Allowed clock skew: 0 milliseconds.
	at io.jsonwebtoken.impl.DefaultJwtParser.parse(DefaultJwtParser.java:427) ~[jjwt-impl-0.11.5.jar:0.11.5]
	at io.jsonwebtoken.impl.DefaultJwtParser.parse(DefaultJwtParser.java:529) ~[jjwt-impl-0.11.5.jar:0.11.5]
	at io.jsonwebtoken.impl.DefaultJwtParser.parseClaimsJws(DefaultJwtParser.java:589) ~[jjwt-impl-0.11.5.jar:0.11.5]
	at io.jsonwebtoken.impl.ImmutableJwtParser.parseClaimsJws(ImmutableJwtParser.java:173) ~[jjwt-impl-0.11.5.jar:0.11.5]
	at kr.co.voard.jwt.JWTUtil.getClaimFromToken(JWTUtil.java:37) ~[classes/:na]
	at kr.co.voard.jwt.JWTUtil.validateToken(JWTUtil.java:51) ~[classes/:na]
	at kr.co.voard.jwt.JwtAuthenticationFilter.doFilterInternal(JwtAuthenticationFilter.java:38) ~[classes/:na]
	at org.springframework.web.filter.OncePerRequestFilter.doFilter(OncePerRequestFilter.java:116) ~[spring-web-6.0.7.jar:6.0.7]
	at org.springframework.security.web.FilterChainProxy$VirtualFilterChain.doFilter(FilterChainProxy.java:374) ~[spring-security-web-6.0.2.jar:6.0.2]
	at org.springframework.security.web.authentication.logout.LogoutFilter.doFilter(LogoutFilter.java:107) ~[spring-security-web-6.0.2.jar:6.0.2]
	at org.springframework.security.web.authentication.logout.LogoutFilter.doFilter(LogoutFilter.java:93) ~[spring-security-web-6.0.2.jar:6.0.2]
	at org.springframework.security.web.FilterChainProxy$VirtualFilterChain.doFilter(FilterChainProxy.java:374) ~[spring-security-web-6.0.2.jar:6.0.2]
	at org.springframework.security.web.header.HeaderWriterFilter.doHeadersAfter(HeaderWriterFilter.java:90) ~[spring-security-web-6.0.2.jar:6.0.2]
	at org.springframework.security.web.header.HeaderWriterFilter.doFilterInternal(HeaderWriterFilter.java:75) ~[spring-security-web-6.0.2.jar:6.0.2]
	at org.springframework.web.filter.OncePerRequestFilter.doFilter(OncePerRequestFilter.java:116) ~[spring-web-6.0.7.jar:6.0.7]
	at org.springframework.security.web.FilterChainProxy$VirtualFilterChain.doFilter(FilterChainProxy.java:374) ~[spring-security-web-6.0.2.jar:6.0.2]
	at org.springframework.security.web.context.SecurityContextHolderFilter.doFilter(SecurityContextHolderFilter.java:82) ~[spring-security-web-6.0.2.jar:6.0.2]
	at org.springframework.security.web.context.SecurityContextHolderFilter.doFilter(SecurityContextHolderFilter.java:69) ~[spring-security-web-6.0.2.jar:6.0.2]
	at org.springframework.security.web.FilterChainProxy$VirtualFilterChain.doFilter(FilterChainProxy.java:374) ~[spring-security-web-6.0.2.jar:6.0.2]
	at org.springframework.security.web.context.request.async.WebAsyncManagerIntegrationFilter.doFilterInternal(WebAsyncManagerIntegrationFilter.java:62) ~[spring-security-web-6.0.2.jar:6.0.2]
	at org.springframework.web.filter.OncePerRequestFilter.doFilter(OncePerRequestFilter.java:116) ~[spring-web-6.0.7.jar:6.0.7]
	at org.springframework.security.web.FilterChainProxy$VirtualFilterChain.doFilter(FilterChainProxy.java:374) ~[spring-security-web-6.0.2.jar:6.0.2]
	at org.springframework.security.web.session.DisableEncodeUrlFilter.doFilterInternal(DisableEncodeUrlFilter.java:42) ~[spring-security-web-6.0.2.jar:6.0.2]
	at org.springframework.web.filter.OncePerRequestFilter.doFilter(OncePerRequestFilter.java:116) ~[spring-web-6.0.7.jar:6.0.7]
	at org.springframework.security.web.FilterChainProxy$VirtualFilterChain.doFilter(FilterChainProxy.java:374) ~[spring-security-web-6.0.2.jar:6.0.2]
	at org.springframework.security.web.FilterChainProxy.doFilterInternal(FilterChainProxy.java:233) ~[spring-security-web-6.0.2.jar:6.0.2]
	at org.springframework.security.web.FilterChainProxy.doFilter(FilterChainProxy.java:191) ~[spring-security-web-6.0.2.jar:6.0.2]
	at org.springframework.web.filter.DelegatingFilterProxy.invokeDelegate(DelegatingFilterProxy.java:352) ~[spring-web-6.0.7.jar:6.0.7]
	at org.springframework.web.filter.DelegatingFilterProxy.doFilter(DelegatingFilterProxy.java:268) ~[spring-web-6.0.7.jar:6.0.7]
	at org.apache.catalina.core.ApplicationFilterChain.internalDoFilter(ApplicationFilterChain.java:174) ~[tomcat-embed-core-10.1.7.jar:10.1.7]
	at org.apache.catalina.core.ApplicationFilterChain.doFilter(ApplicationFilterChain.java:149) ~[tomcat-embed-core-10.1.7.jar:10.1.7]
	at org.springframework.web.filter.RequestContextFilter.doFilterInternal(RequestContextFilter.java:100) ~[spring-web-6.0.7.jar:6.0.7]
	at org.springframework.web.filter.OncePerRequestFilter.doFilter(OncePerRequestFilter.java:116) ~[spring-web-6.0.7.jar:6.0.7]
	at org.apache.catalina.core.ApplicationFilterChain.internalDoFilter(ApplicationFilterChain.java:174) ~[tomcat-embed-core-10.1.7.jar:10.1.7]
	at org.apache.catalina.core.ApplicationFilterChain.doFilter(ApplicationFilterChain.java:149) ~[tomcat-embed-core-10.1.7.jar:10.1.7]
	at org.springframework.web.filter.FormContentFilter.doFilterInternal(FormContentFilter.java:93) ~[spring-web-6.0.7.jar:6.0.7]
	at org.springframework.web.filter.OncePerRequestFilter.doFilter(OncePerRequestFilter.java:116) ~[spring-web-6.0.7.jar:6.0.7]
	at org.apache.catalina.core.ApplicationFilterChain.internalDoFilter(ApplicationFilterChain.java:174) ~[tomcat-embed-core-10.1.7.jar:10.1.7]
	at org.apache.catalina.core.ApplicationFilterChain.doFilter(ApplicationFilterChain.java:149) ~[tomcat-embed-core-10.1.7.jar:10.1.7]
	at org.springframework.web.filter.CharacterEncodingFilter.doFilterInternal(CharacterEncodingFilter.java:201) ~[spring-web-6.0.7.jar:6.0.7]
	at org.springframework.web.filter.OncePerRequestFilter.doFilter(OncePerRequestFilter.java:116) ~[spring-web-6.0.7.jar:6.0.7]
	at org.apache.catalina.core.ApplicationFilterChain.internalDoFilter(ApplicationFilterChain.java:174) ~[tomcat-embed-core-10.1.7.jar:10.1.7]
	at org.apache.catalina.core.ApplicationFilterChain.doFilter(ApplicationFilterChain.java:149) ~[tomcat-embed-core-10.1.7.jar:10.1.7]
	at org.apache.catalina.core.StandardWrapperValve.invoke(StandardWrapperValve.java:166) ~[tomcat-embed-core-10.1.7.jar:10.1.7]
	at org.apache.catalina.core.StandardContextValve.invoke(StandardContextValve.java:90) ~[tomcat-embed-core-10.1.7.jar:10.1.7]
	at org.apache.catalina.authenticator.AuthenticatorBase.invoke(AuthenticatorBase.java:493) ~[tomcat-embed-core-10.1.7.jar:10.1.7]
	at org.apache.catalina.core.StandardHostValve.invoke(StandardHostValve.java:115) ~[tomcat-embed-core-10.1.7.jar:10.1.7]
	at org.apache.catalina.valves.ErrorReportValve.invoke(ErrorReportValve.java:93) ~[tomcat-embed-core-10.1.7.jar:10.1.7]
	at org.apache.catalina.core.StandardEngineValve.invoke(StandardEngineValve.java:74) ~[tomcat-embed-core-10.1.7.jar:10.1.7]
	at org.apache.catalina.connector.CoyoteAdapter.service(CoyoteAdapter.java:341) ~[tomcat-embed-core-10.1.7.jar:10.1.7]
	at org.apache.coyote.http11.Http11Processor.service(Http11Processor.java:390) ~[tomcat-embed-core-10.1.7.jar:10.1.7]
	at org.apache.coyote.AbstractProcessorLight.process(AbstractProcessorLight.java:63) ~[tomcat-embed-core-10.1.7.jar:10.1.7]
	at org.apache.coyote.AbstractProtocol$ConnectionHandler.process(AbstractProtocol.java:894) ~[tomcat-embed-core-10.1.7.jar:10.1.7]
	at org.apache.tomcat.util.net.NioEndpoint$SocketProcessor.doRun(NioEndpoint.java:1741) ~[tomcat-embed-core-10.1.7.jar:10.1.7]
	at org.apache.tomcat.util.net.SocketProcessorBase.run(SocketProcessorBase.java:52) ~[tomcat-embed-core-10.1.7.jar:10.1.7]
	at org.apache.tomcat.util.threads.ThreadPoolExecutor.runWorker(ThreadPoolExecutor.java:1191) ~[tomcat-embed-core-10.1.7.jar:10.1.7]
	at org.apache.tomcat.util.threads.ThreadPoolExecutor$Worker.run(ThreadPoolExecutor.java:659) ~[tomcat-embed-core-10.1.7.jar:10.1.7]
	at org.apache.tomcat.util.threads.TaskThread$WrappingRunnable.run(TaskThread.java:61) ~[tomcat-embed-core-10.1.7.jar:10.1.7]
	at java.base/java.lang.Thread.run(Thread.java:833) ~[na:na]

2023-04-19T11:12:02.905+09:00  INFO 6468 --- [http-nio-8080-exec-3] k.co.voard.jwt.JwtAuthenticationFilter   : doFilterInternal...1
2023-04-19T11:12:02.905+09:00  INFO 6468 --- [http-nio-8080-exec-3] k.co.voard.jwt.JwtAuthenticationFilter   : doFilterInternal...2 : eyJhbGciOiJIUzI1NiJ9.eyJzdWIiOiJhMTAxIiwiaWF0IjoxNjgxNzAwOTM3LCJleHAiOjE2ODE3MDQ1Mzd9.A3ctTy-3Bd07kpyLFcsH0rBj24xaiIDW2wVefkmgJgs
2023-04-19T11:12:02.907+09:00 ERROR 6468 --- [http-nio-8080-exec-3] o.a.c.c.C.[.[.[.[dispatcherServlet]      : Servlet.service() for servlet [dispatcherServlet] in context with path [/Voard] threw exception

io.jsonwebtoken.ExpiredJwtException: JWT expired at 2023-04-17T04:08:57Z. Current time: 2023-04-19T02:12:02Z, a difference of 165785907 milliseconds.  Allowed clock skew: 0 milliseconds.
	at io.jsonwebtoken.impl.DefaultJwtParser.parse(DefaultJwtParser.java:427) ~[jjwt-impl-0.11.5.jar:0.11.5]
	at io.jsonwebtoken.impl.DefaultJwtParser.parse(DefaultJwtParser.java:529) ~[jjwt-impl-0.11.5.jar:0.11.5]
	at io.jsonwebtoken.impl.DefaultJwtParser.parseClaimsJws(DefaultJwtParser.java:589) ~[jjwt-impl-0.11.5.jar:0.11.5]
	at io.jsonwebtoken.impl.ImmutableJwtParser.parseClaimsJws(ImmutableJwtParser.java:173) ~[jjwt-impl-0.11.5.jar:0.11.5]
	at kr.co.voard.jwt.JWTUtil.getClaimFromToken(JWTUtil.java:37) ~[classes/:na]
	at kr.co.voard.jwt.JWTUtil.validateToken(JWTUtil.java:51) ~[classes/:na]
	at kr.co.voard.jwt.JwtAuthenticationFilter.doFilterInternal(JwtAuthenticationFilter.java:38) ~[classes/:na]
	at org.springframework.web.filter.OncePerRequestFilter.doFilter(OncePerRequestFilter.java:116) ~[spring-web-6.0.7.jar:6.0.7]
	at org.springframework.security.web.FilterChainProxy$VirtualFilterChain.doFilter(FilterChainProxy.java:374) ~[spring-security-web-6.0.2.jar:6.0.2]
	at org.springframework.security.web.authentication.logout.LogoutFilter.doFilter(LogoutFilter.java:107) ~[spring-security-web-6.0.2.jar:6.0.2]
	at org.springframework.security.web.authentication.logout.LogoutFilter.doFilter(LogoutFilter.java:93) ~[spring-security-web-6.0.2.jar:6.0.2]
	at org.springframework.security.web.FilterChainProxy$VirtualFilterChain.doFilter(FilterChainProxy.java:374) ~[spring-security-web-6.0.2.jar:6.0.2]
	at org.springframework.security.web.header.HeaderWriterFilter.doHeadersAfter(HeaderWriterFilter.java:90) ~[spring-security-web-6.0.2.jar:6.0.2]
	at org.springframework.security.web.header.HeaderWriterFilter.doFilterInternal(HeaderWriterFilter.java:75) ~[spring-security-web-6.0.2.jar:6.0.2]
	at org.springframework.web.filter.OncePerRequestFilter.doFilter(OncePerRequestFilter.java:116) ~[spring-web-6.0.7.jar:6.0.7]
	at org.springframework.security.web.FilterChainProxy$VirtualFilterChain.doFilter(FilterChainProxy.java:374) ~[spring-security-web-6.0.2.jar:6.0.2]
	at org.springframework.security.web.context.SecurityContextHolderFilter.doFilter(SecurityContextHolderFilter.java:82) ~[spring-security-web-6.0.2.jar:6.0.2]
	at org.springframework.security.web.context.SecurityContextHolderFilter.doFilter(SecurityContextHolderFilter.java:69) ~[spring-security-web-6.0.2.jar:6.0.2]
	at org.springframework.security.web.FilterChainProxy$VirtualFilterChain.doFilter(FilterChainProxy.java:374) ~[spring-security-web-6.0.2.jar:6.0.2]
	at org.springframework.security.web.context.request.async.WebAsyncManagerIntegrationFilter.doFilterInternal(WebAsyncManagerIntegrationFilter.java:62) ~[spring-security-web-6.0.2.jar:6.0.2]
	at org.springframework.web.filter.OncePerRequestFilter.doFilter(OncePerRequestFilter.java:116) ~[spring-web-6.0.7.jar:6.0.7]
	at org.springframework.security.web.FilterChainProxy$VirtualFilterChain.doFilter(FilterChainProxy.java:374) ~[spring-security-web-6.0.2.jar:6.0.2]
	at org.springframework.security.web.session.DisableEncodeUrlFilter.doFilterInternal(DisableEncodeUrlFilter.java:42) ~[spring-security-web-6.0.2.jar:6.0.2]
	at org.springframework.web.filter.OncePerRequestFilter.doFilter(OncePerRequestFilter.java:116) ~[spring-web-6.0.7.jar:6.0.7]
	at org.springframework.security.web.FilterChainProxy$VirtualFilterChain.doFilter(FilterChainProxy.java:374) ~[spring-security-web-6.0.2.jar:6.0.2]
	at org.springframework.security.web.FilterChainProxy.doFilterInternal(FilterChainProxy.java:233) ~[spring-security-web-6.0.2.jar:6.0.2]
	at org.springframework.security.web.FilterChainProxy.doFilter(FilterChainProxy.java:191) ~[spring-security-web-6.0.2.jar:6.0.2]
	at org.springframework.web.filter.DelegatingFilterProxy.invokeDelegate(DelegatingFilterProxy.java:352) ~[spring-web-6.0.7.jar:6.0.7]
	at org.springframework.web.filter.DelegatingFilterProxy.doFilter(DelegatingFilterProxy.java:268) ~[spring-web-6.0.7.jar:6.0.7]
	at org.apache.catalina.core.ApplicationFilterChain.internalDoFilter(ApplicationFilterChain.java:174) ~[tomcat-embed-core-10.1.7.jar:10.1.7]
	at org.apache.catalina.core.ApplicationFilterChain.doFilter(ApplicationFilterChain.java:149) ~[tomcat-embed-core-10.1.7.jar:10.1.7]
	at org.springframework.web.filter.RequestContextFilter.doFilterInternal(RequestContextFilter.java:100) ~[spring-web-6.0.7.jar:6.0.7]
	at org.springframework.web.filter.OncePerRequestFilter.doFilter(OncePerRequestFilter.java:116) ~[spring-web-6.0.7.jar:6.0.7]
	at org.apache.catalina.core.ApplicationFilterChain.internalDoFilter(ApplicationFilterChain.java:174) ~[tomcat-embed-core-10.1.7.jar:10.1.7]
	at org.apache.catalina.core.ApplicationFilterChain.doFilter(ApplicationFilterChain.java:149) ~[tomcat-embed-core-10.1.7.jar:10.1.7]
	at org.springframework.web.filter.FormContentFilter.doFilterInternal(FormContentFilter.java:93) ~[spring-web-6.0.7.jar:6.0.7]
	at org.springframework.web.filter.OncePerRequestFilter.doFilter(OncePerRequestFilter.java:116) ~[spring-web-6.0.7.jar:6.0.7]
	at org.apache.catalina.core.ApplicationFilterChain.internalDoFilter(ApplicationFilterChain.java:174) ~[tomcat-embed-core-10.1.7.jar:10.1.7]
	at org.apache.catalina.core.ApplicationFilterChain.doFilter(ApplicationFilterChain.java:149) ~[tomcat-embed-core-10.1.7.jar:10.1.7]
	at org.springframework.web.filter.CharacterEncodingFilter.doFilterInternal(CharacterEncodingFilter.java:201) ~[spring-web-6.0.7.jar:6.0.7]
	at org.springframework.web.filter.OncePerRequestFilter.doFilter(OncePerRequestFilter.java:116) ~[spring-web-6.0.7.jar:6.0.7]
	at org.apache.catalina.core.ApplicationFilterChain.internalDoFilter(ApplicationFilterChain.java:174) ~[tomcat-embed-core-10.1.7.jar:10.1.7]
	at org.apache.catalina.core.ApplicationFilterChain.doFilter(ApplicationFilterChain.java:149) ~[tomcat-embed-core-10.1.7.jar:10.1.7]
	at org.apache.catalina.core.StandardWrapperValve.invoke(StandardWrapperValve.java:166) ~[tomcat-embed-core-10.1.7.jar:10.1.7]
	at org.apache.catalina.core.StandardContextValve.invoke(StandardContextValve.java:90) ~[tomcat-embed-core-10.1.7.jar:10.1.7]
	at org.apache.catalina.authenticator.AuthenticatorBase.invoke(AuthenticatorBase.java:493) ~[tomcat-embed-core-10.1.7.jar:10.1.7]
	at org.apache.catalina.core.StandardHostValve.invoke(StandardHostValve.java:115) ~[tomcat-embed-core-10.1.7.jar:10.1.7]
	at org.apache.catalina.valves.ErrorReportValve.invoke(ErrorReportValve.java:93) ~[tomcat-embed-core-10.1.7.jar:10.1.7]
	at org.apache.catalina.core.StandardEngineValve.invoke(StandardEngineValve.java:74) ~[tomcat-embed-core-10.1.7.jar:10.1.7]
	at org.apache.catalina.connector.CoyoteAdapter.service(CoyoteAdapter.java:341) ~[tomcat-embed-core-10.1.7.jar:10.1.7]
	at org.apache.coyote.http11.Http11Processor.service(Http11Processor.java:390) ~[tomcat-embed-core-10.1.7.jar:10.1.7]
	at org.apache.coyote.AbstractProcessorLight.process(AbstractProcessorLight.java:63) ~[tomcat-embed-core-10.1.7.jar:10.1.7]
	at org.apache.coyote.AbstractProtocol$ConnectionHandler.process(AbstractProtocol.java:894) ~[tomcat-embed-core-10.1.7.jar:10.1.7]
	at org.apache.tomcat.util.net.NioEndpoint$SocketProcessor.doRun(NioEndpoint.java:1741) ~[tomcat-embed-core-10.1.7.jar:10.1.7]
	at org.apache.tomcat.util.net.SocketProcessorBase.run(SocketProcessorBase.java:52) ~[tomcat-embed-core-10.1.7.jar:10.1.7]
	at org.apache.tomcat.util.threads.ThreadPoolExecutor.runWorker(ThreadPoolExecutor.java:1191) ~[tomcat-embed-core-10.1.7.jar:10.1.7]
	at org.apache.tomcat.util.threads.ThreadPoolExecutor$Worker.run(ThreadPoolExecutor.java:659) ~[tomcat-embed-core-10.1.7.jar:10.1.7]
	at org.apache.tomcat.util.threads.TaskThread$WrappingRunnable.run(TaskThread.java:61) ~[tomcat-embed-core-10.1.7.jar:10.1.7]
	at java.base/java.lang.Thread.run(Thread.java:833) ~[na:na]

2023-04-19T11:56:53.426+09:00  INFO 6468 --- [File Watcher] rtingClassPathChangeChangedEventListener : Restarting due to 1 class path change (0 additions, 0 deletions, 1 modification)
2023-04-19T11:56:53.431+09:00  INFO 6468 --- [Thread-19] o.apache.catalina.core.StandardService   : Stopping service [Tomcat]
2023-04-19T11:56:53.431+09:00  INFO 6468 --- [Thread-19] o.a.c.c.C.[Tomcat].[localhost].[/Voard]  : Destroying Spring FrameworkServlet 'dispatcherServlet'
2023-04-19T11:56:53.433+09:00  WARN 6468 --- [Thread-19] o.a.c.loader.WebappClassLoaderBase       : The web application [Voard] appears to have started a thread named [HikariPool-5 housekeeper] but has failed to stop it. This is very likely to create a memory leak. Stack trace of thread:
 java.base@17.0.5/jdk.internal.misc.Unsafe.park(Native Method)
 java.base@17.0.5/java.util.concurrent.locks.LockSupport.parkNanos(LockSupport.java:252)
 java.base@17.0.5/java.util.concurrent.locks.AbstractQueuedSynchronizer$ConditionObject.awaitNanos(AbstractQueuedSynchronizer.java:1672)
 java.base@17.0.5/java.util.concurrent.ScheduledThreadPoolExecutor$DelayedWorkQueue.take(ScheduledThreadPoolExecutor.java:1182)
 java.base@17.0.5/java.util.concurrent.ScheduledThreadPoolExecutor$DelayedWorkQueue.take(ScheduledThreadPoolExecutor.java:899)
 java.base@17.0.5/java.util.concurrent.ThreadPoolExecutor.getTask(ThreadPoolExecutor.java:1062)
 java.base@17.0.5/java.util.concurrent.ThreadPoolExecutor.runWorker(ThreadPoolExecutor.java:1122)
 java.base@17.0.5/java.util.concurrent.ThreadPoolExecutor$Worker.run(ThreadPoolExecutor.java:635)
 java.base@17.0.5/java.lang.Thread.run(Thread.java:833)
2023-04-19T11:56:53.434+09:00  INFO 6468 --- [Thread-19] j.LocalContainerEntityManagerFactoryBean : Closing JPA EntityManagerFactory for persistence unit 'default'
2023-04-19T11:56:53.434+09:00  INFO 6468 --- [Thread-19] com.zaxxer.hikari.HikariDataSource       : HikariPool-5 - Shutdown initiated...
2023-04-19T11:56:53.436+09:00  INFO 6468 --- [Thread-19] com.zaxxer.hikari.HikariDataSource       : HikariPool-5 - Shutdown completed.
2023-04-19T11:56:53.487+09:00  INFO 6468 --- [restartedMain] kr.co.voard.VoardApplication             : Starting VoardApplication using Java 17.0.5 with PID 6468 (C:\Users\java1\Desktop\Workspace\SpringBoot\Voard\target\classes started by java1 in C:\Users\java1\Desktop\Workspace\SpringBoot\Voard)
2023-04-19T11:56:53.487+09:00  INFO 6468 --- [restartedMain] kr.co.voard.VoardApplication             : No active profile set, falling back to 1 default profile: "default"
2023-04-19T11:56:53.588+09:00  INFO 6468 --- [restartedMain] .s.d.r.c.RepositoryConfigurationDelegate : Bootstrapping Spring Data JPA repositories in DEFAULT mode.
2023-04-19T11:56:53.593+09:00  INFO 6468 --- [restartedMain] .s.d.r.c.RepositoryConfigurationDelegate : Finished Spring Data repository scanning in 4 ms. Found 1 JPA repository interfaces.
2023-04-19T11:56:53.616+09:00  WARN 6468 --- [restartedMain] o.m.s.mapper.ClassPathMapperScanner      : No MyBatis mapper was found in '[kr.co.voard]' package. Please check your configuration.
2023-04-19T11:56:53.650+09:00  INFO 6468 --- [restartedMain] o.s.b.w.embedded.tomcat.TomcatWebServer  : Tomcat initialized with port(s): 8080 (http)
2023-04-19T11:56:53.651+09:00  INFO 6468 --- [restartedMain] o.apache.catalina.core.StandardService   : Starting service [Tomcat]
2023-04-19T11:56:53.651+09:00  INFO 6468 --- [restartedMain] o.apache.catalina.core.StandardEngine    : Starting Servlet engine: [Apache Tomcat/10.1.7]
2023-04-19T11:56:53.660+09:00  INFO 6468 --- [restartedMain] o.a.c.c.C.[Tomcat].[localhost].[/Voard]  : Initializing Spring embedded WebApplicationContext
2023-04-19T11:56:53.660+09:00  INFO 6468 --- [restartedMain] w.s.c.ServletWebServerApplicationContext : Root WebApplicationContext: initialization completed in 172 ms
2023-04-19T11:56:53.683+09:00  INFO 6468 --- [restartedMain] o.hibernate.jpa.internal.util.LogHelper  : HHH000204: Processing PersistenceUnitInfo [name: default]
2023-04-19T11:56:53.687+09:00  INFO 6468 --- [restartedMain] com.zaxxer.hikari.HikariDataSource       : HikariPool-6 - Starting...
2023-04-19T11:56:53.693+09:00  INFO 6468 --- [restartedMain] com.zaxxer.hikari.pool.HikariPool        : HikariPool-6 - Added connection com.mysql.cj.jdbc.ConnectionImpl@77b3744b
2023-04-19T11:56:53.693+09:00  INFO 6468 --- [restartedMain] com.zaxxer.hikari.HikariDataSource       : HikariPool-6 - Start completed.
2023-04-19T11:56:53.694+09:00  INFO 6468 --- [restartedMain] SQL dialect                              : HHH000400: Using dialect: org.hibernate.dialect.MySQLDialect
2023-04-19T11:56:53.732+09:00  INFO 6468 --- [restartedMain] o.h.e.t.j.p.i.JtaPlatformInitiator       : HHH000490: Using JtaPlatform implementation: [org.hibernate.engine.transaction.jta.platform.internal.NoJtaPlatform]
2023-04-19T11:56:53.732+09:00  INFO 6468 --- [restartedMain] j.LocalContainerEntityManagerFactoryBean : Initialized JPA EntityManagerFactory for persistence unit 'default'
2023-04-19T11:56:53.784+09:00  WARN 6468 --- [restartedMain] JpaBaseConfiguration$JpaWebConfiguration : spring.jpa.open-in-view is enabled by default. Therefore, database queries may be performed during view rendering. Explicitly configure spring.jpa.open-in-view to disable this warning
2023-04-19T11:56:53.790+09:00  INFO 6468 --- [restartedMain] o.s.s.web.DefaultSecurityFilterChain     : Will secure any request with [org.springframework.security.web.session.DisableEncodeUrlFilter@5cc5f9f4, org.springframework.security.web.context.request.async.WebAsyncManagerIntegrationFilter@4e05c230, org.springframework.security.web.context.SecurityContextHolderFilter@7228d28b, org.springframework.security.web.header.HeaderWriterFilter@63c26d36, org.springframework.security.web.authentication.logout.LogoutFilter@65bcfe9e, kr.co.voard.jwt.JwtAuthenticationFilter@e611f68, org.springframework.security.web.savedrequest.RequestCacheAwareFilter@7e98eb06, org.springframework.security.web.servletapi.SecurityContextHolderAwareRequestFilter@ec3923e, org.springframework.security.web.authentication.AnonymousAuthenticationFilter@3953f0d3, org.springframework.security.web.session.SessionManagementFilter@7165d9a6, org.springframework.security.web.access.ExceptionTranslationFilter@182283d3]
2023-04-19T11:56:53.857+09:00  INFO 6468 --- [restartedMain] o.s.b.d.a.OptionalLiveReloadServer       : LiveReload server is running on port 35729
2023-04-19T11:56:53.864+09:00  INFO 6468 --- [restartedMain] o.s.b.w.embedded.tomcat.TomcatWebServer  : Tomcat started on port(s): 8080 (http) with context path '/Voard'
2023-04-19T11:56:53.867+09:00  INFO 6468 --- [restartedMain] kr.co.voard.VoardApplication             : Started VoardApplication in 0.398 seconds (process running for 3739.09)
2023-04-19T11:56:53.868+09:00  INFO 6468 --- [restartedMain] .ConditionEvaluationDeltaLoggingListener : Condition evaluation unchanged
2023-04-19T11:57:59.926+09:00  INFO 6468 --- [RMI TCP Connection(67)-127.0.0.1] inMXBeanRegistrar$SpringApplicationAdmin : Application shutdown requested.
2023-04-19T11:57:59.931+09:00  INFO 6468 --- [RMI TCP Connection(67)-127.0.0.1] o.apache.catalina.core.StandardService   : Stopping service [Tomcat]
2023-04-19T11:57:59.932+09:00  WARN 6468 --- [RMI TCP Connection(67)-127.0.0.1] o.a.c.loader.WebappClassLoaderBase       : The web application [Voard] appears to have started a thread named [HikariPool-6 housekeeper] but has failed to stop it. This is very likely to create a memory leak. Stack trace of thread:
 java.base@17.0.5/jdk.internal.misc.Unsafe.park(Native Method)
 java.base@17.0.5/java.util.concurrent.locks.LockSupport.parkNanos(LockSupport.java:252)
 java.base@17.0.5/java.util.concurrent.locks.AbstractQueuedSynchronizer$ConditionObject.awaitNanos(AbstractQueuedSynchronizer.java:1672)
 java.base@17.0.5/java.util.concurrent.ScheduledThreadPoolExecutor$DelayedWorkQueue.take(ScheduledThreadPoolExecutor.java:1182)
 java.base@17.0.5/java.util.concurrent.ScheduledThreadPoolExecutor$DelayedWorkQueue.take(ScheduledThreadPoolExecutor.java:899)
 java.base@17.0.5/java.util.concurrent.ThreadPoolExecutor.getTask(ThreadPoolExecutor.java:1062)
 java.base@17.0.5/java.util.concurrent.ThreadPoolExecutor.runWorker(ThreadPoolExecutor.java:1122)
 java.base@17.0.5/java.util.concurrent.ThreadPoolExecutor$Worker.run(ThreadPoolExecutor.java:635)
 java.base@17.0.5/java.lang.Thread.run(Thread.java:833)
2023-04-19T11:57:59.933+09:00  INFO 6468 --- [RMI TCP Connection(67)-127.0.0.1] j.LocalContainerEntityManagerFactoryBean : Closing JPA EntityManagerFactory for persistence unit 'default'
2023-04-19T11:57:59.934+09:00  INFO 6468 --- [RMI TCP Connection(67)-127.0.0.1] com.zaxxer.hikari.HikariDataSource       : HikariPool-6 - Shutdown initiated...
2023-04-19T11:57:59.937+09:00  INFO 6468 --- [RMI TCP Connection(67)-127.0.0.1] com.zaxxer.hikari.HikariDataSource       : HikariPool-6 - Shutdown completed.
2023-04-19T13:50:18.026+09:00  INFO 13212 --- [restartedMain] kr.co.voard.VoardApplication             : Starting VoardApplication using Java 17.0.5 with PID 13212 (C:\Users\java1\Desktop\Workspace\SpringBoot\Voard\target\classes started by java1 in C:\Users\java1\Desktop\Workspace\SpringBoot\Voard)
2023-04-19T13:50:18.028+09:00  INFO 13212 --- [restartedMain] kr.co.voard.VoardApplication             : No active profile set, falling back to 1 default profile: "default"
2023-04-19T13:50:18.059+09:00  INFO 13212 --- [restartedMain] .e.DevToolsPropertyDefaultsPostProcessor : Devtools property defaults active! Set 'spring.devtools.add-properties' to 'false' to disable
2023-04-19T13:50:18.059+09:00  INFO 13212 --- [restartedMain] .e.DevToolsPropertyDefaultsPostProcessor : For additional web related logging consider setting the 'logging.level.web' property to 'DEBUG'
2023-04-19T13:50:18.452+09:00  INFO 13212 --- [restartedMain] .s.d.r.c.RepositoryConfigurationDelegate : Bootstrapping Spring Data JPA repositories in DEFAULT mode.
2023-04-19T13:50:18.485+09:00  INFO 13212 --- [restartedMain] .s.d.r.c.RepositoryConfigurationDelegate : Finished Spring Data repository scanning in 28 ms. Found 1 JPA repository interfaces.
2023-04-19T13:50:18.557+09:00  WARN 13212 --- [restartedMain] o.m.s.mapper.ClassPathMapperScanner      : No MyBatis mapper was found in '[kr.co.voard]' package. Please check your configuration.
2023-04-19T13:50:18.865+09:00  INFO 13212 --- [restartedMain] o.s.b.w.embedded.tomcat.TomcatWebServer  : Tomcat initialized with port(s): 8080 (http)
2023-04-19T13:50:18.871+09:00  INFO 13212 --- [restartedMain] o.apache.catalina.core.StandardService   : Starting service [Tomcat]
2023-04-19T13:50:18.871+09:00  INFO 13212 --- [restartedMain] o.apache.catalina.core.StandardEngine    : Starting Servlet engine: [Apache Tomcat/10.1.7]
2023-04-19T13:50:18.915+09:00  INFO 13212 --- [restartedMain] o.a.c.c.C.[Tomcat].[localhost].[/Voard]  : Initializing Spring embedded WebApplicationContext
2023-04-19T13:50:18.915+09:00  INFO 13212 --- [restartedMain] w.s.c.ServletWebServerApplicationContext : Root WebApplicationContext: initialization completed in 856 ms
2023-04-19T13:50:19.012+09:00  INFO 13212 --- [restartedMain] o.hibernate.jpa.internal.util.LogHelper  : HHH000204: Processing PersistenceUnitInfo [name: default]
2023-04-19T13:50:19.044+09:00  INFO 13212 --- [restartedMain] org.hibernate.Version                    : HHH000412: Hibernate ORM core version 6.1.7.Final
2023-04-19T13:50:19.217+09:00  INFO 13212 --- [restartedMain] com.zaxxer.hikari.HikariDataSource       : HikariPool-1 - Starting...
2023-04-19T13:50:19.405+09:00  INFO 13212 --- [restartedMain] com.zaxxer.hikari.pool.HikariPool        : HikariPool-1 - Added connection com.mysql.cj.jdbc.ConnectionImpl@77695dfb
2023-04-19T13:50:19.407+09:00  INFO 13212 --- [restartedMain] com.zaxxer.hikari.HikariDataSource       : HikariPool-1 - Start completed.
2023-04-19T13:50:19.444+09:00  INFO 13212 --- [restartedMain] SQL dialect                              : HHH000400: Using dialect: org.hibernate.dialect.MySQLDialect
2023-04-19T13:50:19.922+09:00  INFO 13212 --- [restartedMain] o.h.e.t.j.p.i.JtaPlatformInitiator       : HHH000490: Using JtaPlatform implementation: [org.hibernate.engine.transaction.jta.platform.internal.NoJtaPlatform]
2023-04-19T13:50:19.928+09:00  INFO 13212 --- [restartedMain] j.LocalContainerEntityManagerFactoryBean : Initialized JPA EntityManagerFactory for persistence unit 'default'
2023-04-19T13:50:20.166+09:00  WARN 13212 --- [restartedMain] JpaBaseConfiguration$JpaWebConfiguration : spring.jpa.open-in-view is enabled by default. Therefore, database queries may be performed during view rendering. Explicitly configure spring.jpa.open-in-view to disable this warning
2023-04-19T13:50:20.218+09:00  INFO 13212 --- [restartedMain] o.s.s.web.DefaultSecurityFilterChain     : Will secure any request with [org.springframework.security.web.session.DisableEncodeUrlFilter@609d819b, org.springframework.security.web.context.request.async.WebAsyncManagerIntegrationFilter@37d87960, org.springframework.security.web.context.SecurityContextHolderFilter@2beecc56, org.springframework.security.web.header.HeaderWriterFilter@58bde28b, org.springframework.security.web.authentication.logout.LogoutFilter@62fd411c, kr.co.voard.jwt.JwtAuthenticationFilter@73b48a1, org.springframework.security.web.savedrequest.RequestCacheAwareFilter@1591badc, org.springframework.security.web.servletapi.SecurityContextHolderAwareRequestFilter@356921b7, org.springframework.security.web.authentication.AnonymousAuthenticationFilter@30b2e2d8, org.springframework.security.web.session.SessionManagementFilter@7c9f8aef, org.springframework.security.web.access.ExceptionTranslationFilter@7146bfaa]
2023-04-19T13:50:20.453+09:00  INFO 13212 --- [restartedMain] o.s.b.d.a.OptionalLiveReloadServer       : LiveReload server is running on port 35729
2023-04-19T13:50:20.477+09:00  INFO 13212 --- [restartedMain] o.s.b.w.embedded.tomcat.TomcatWebServer  : Tomcat started on port(s): 8080 (http) with context path '/Voard'
2023-04-19T13:50:20.483+09:00  INFO 13212 --- [restartedMain] kr.co.voard.VoardApplication             : Started VoardApplication in 2.708 seconds (process running for 3.146)
2023-04-19T13:50:32.103+09:00  INFO 13212 --- [File Watcher] rtingClassPathChangeChangedEventListener : Restarting due to 1 class path change (0 additions, 0 deletions, 1 modification)
2023-04-19T13:50:32.110+09:00  INFO 13212 --- [Thread-5] o.apache.catalina.core.StandardService   : Stopping service [Tomcat]
2023-04-19T13:50:32.112+09:00  WARN 13212 --- [Thread-5] o.a.c.loader.WebappClassLoaderBase       : The web application [Voard] appears to have started a thread named [HikariPool-1 housekeeper] but has failed to stop it. This is very likely to create a memory leak. Stack trace of thread:
 java.base@17.0.5/jdk.internal.misc.Unsafe.park(Native Method)
 java.base@17.0.5/java.util.concurrent.locks.LockSupport.parkNanos(LockSupport.java:252)
 java.base@17.0.5/java.util.concurrent.locks.AbstractQueuedSynchronizer$ConditionObject.awaitNanos(AbstractQueuedSynchronizer.java:1672)
 java.base@17.0.5/java.util.concurrent.ScheduledThreadPoolExecutor$DelayedWorkQueue.take(ScheduledThreadPoolExecutor.java:1182)
 java.base@17.0.5/java.util.concurrent.ScheduledThreadPoolExecutor$DelayedWorkQueue.take(ScheduledThreadPoolExecutor.java:899)
 java.base@17.0.5/java.util.concurrent.ThreadPoolExecutor.getTask(ThreadPoolExecutor.java:1062)
 java.base@17.0.5/java.util.concurrent.ThreadPoolExecutor.runWorker(ThreadPoolExecutor.java:1122)
 java.base@17.0.5/java.util.concurrent.ThreadPoolExecutor$Worker.run(ThreadPoolExecutor.java:635)
 java.base@17.0.5/java.lang.Thread.run(Thread.java:833)
2023-04-19T13:50:32.115+09:00  INFO 13212 --- [Thread-5] j.LocalContainerEntityManagerFactoryBean : Closing JPA EntityManagerFactory for persistence unit 'default'
2023-04-19T13:50:32.117+09:00  INFO 13212 --- [Thread-5] com.zaxxer.hikari.HikariDataSource       : HikariPool-1 - Shutdown initiated...
2023-04-19T13:50:32.121+09:00  INFO 13212 --- [Thread-5] com.zaxxer.hikari.HikariDataSource       : HikariPool-1 - Shutdown completed.
2023-04-19T13:50:32.170+09:00  INFO 13212 --- [restartedMain] kr.co.voard.VoardApplication             : Starting VoardApplication using Java 17.0.5 with PID 13212 (C:\Users\java1\Desktop\Workspace\SpringBoot\Voard\target\classes started by java1 in C:\Users\java1\Desktop\Workspace\SpringBoot\Voard)
2023-04-19T13:50:32.171+09:00  INFO 13212 --- [restartedMain] kr.co.voard.VoardApplication             : No active profile set, falling back to 1 default profile: "default"
2023-04-19T13:50:32.277+09:00  INFO 13212 --- [restartedMain] .s.d.r.c.RepositoryConfigurationDelegate : Bootstrapping Spring Data JPA repositories in DEFAULT mode.
2023-04-19T13:50:32.283+09:00  INFO 13212 --- [restartedMain] .s.d.r.c.RepositoryConfigurationDelegate : Finished Spring Data repository scanning in 5 ms. Found 1 JPA repository interfaces.
2023-04-19T13:50:32.305+09:00  WARN 13212 --- [restartedMain] o.m.s.mapper.ClassPathMapperScanner      : No MyBatis mapper was found in '[kr.co.voard]' package. Please check your configuration.
2023-04-19T13:50:32.343+09:00  INFO 13212 --- [restartedMain] o.s.b.w.embedded.tomcat.TomcatWebServer  : Tomcat initialized with port(s): 8080 (http)
2023-04-19T13:50:32.343+09:00  INFO 13212 --- [restartedMain] o.apache.catalina.core.StandardService   : Starting service [Tomcat]
2023-04-19T13:50:32.344+09:00  INFO 13212 --- [restartedMain] o.apache.catalina.core.StandardEngine    : Starting Servlet engine: [Apache Tomcat/10.1.7]
2023-04-19T13:50:32.355+09:00  INFO 13212 --- [restartedMain] o.a.c.c.C.[Tomcat].[localhost].[/Voard]  : Initializing Spring embedded WebApplicationContext
2023-04-19T13:50:32.355+09:00  INFO 13212 --- [restartedMain] w.s.c.ServletWebServerApplicationContext : Root WebApplicationContext: initialization completed in 183 ms
2023-04-19T13:50:32.378+09:00  INFO 13212 --- [restartedMain] o.hibernate.jpa.internal.util.LogHelper  : HHH000204: Processing PersistenceUnitInfo [name: default]
2023-04-19T13:50:32.383+09:00  INFO 13212 --- [restartedMain] com.zaxxer.hikari.HikariDataSource       : HikariPool-2 - Starting...
2023-04-19T13:50:32.390+09:00  INFO 13212 --- [restartedMain] com.zaxxer.hikari.pool.HikariPool        : HikariPool-2 - Added connection com.mysql.cj.jdbc.ConnectionImpl@1b96b297
2023-04-19T13:50:32.391+09:00  INFO 13212 --- [restartedMain] com.zaxxer.hikari.HikariDataSource       : HikariPool-2 - Start completed.
2023-04-19T13:50:32.391+09:00  INFO 13212 --- [restartedMain] SQL dialect                              : HHH000400: Using dialect: org.hibernate.dialect.MySQLDialect
2023-04-19T13:50:32.421+09:00  INFO 13212 --- [restartedMain] o.h.e.t.j.p.i.JtaPlatformInitiator       : HHH000490: Using JtaPlatform implementation: [org.hibernate.engine.transaction.jta.platform.internal.NoJtaPlatform]
2023-04-19T13:50:32.421+09:00  INFO 13212 --- [restartedMain] j.LocalContainerEntityManagerFactoryBean : Initialized JPA EntityManagerFactory for persistence unit 'default'
2023-04-19T13:50:32.466+09:00  WARN 13212 --- [restartedMain] JpaBaseConfiguration$JpaWebConfiguration : spring.jpa.open-in-view is enabled by default. Therefore, database queries may be performed during view rendering. Explicitly configure spring.jpa.open-in-view to disable this warning
2023-04-19T13:50:32.472+09:00  INFO 13212 --- [restartedMain] o.s.s.web.DefaultSecurityFilterChain     : Will secure any request with [org.springframework.security.web.session.DisableEncodeUrlFilter@274ccbbb, org.springframework.security.web.context.request.async.WebAsyncManagerIntegrationFilter@540a6200, org.springframework.security.web.context.SecurityContextHolderFilter@38f34084, org.springframework.security.web.header.HeaderWriterFilter@625c7cc2, org.springframework.security.web.authentication.logout.LogoutFilter@b9742cb, kr.co.voard.jwt.JwtAuthenticationFilter@22385c0d, org.springframework.security.web.savedrequest.RequestCacheAwareFilter@4ccc076d, org.springframework.security.web.servletapi.SecurityContextHolderAwareRequestFilter@4d77d85a, org.springframework.security.web.authentication.AnonymousAuthenticationFilter@6b7742fe, org.springframework.security.web.session.SessionManagementFilter@66904833, org.springframework.security.web.access.ExceptionTranslationFilter@5314ebfc]
2023-04-19T13:50:32.531+09:00  INFO 13212 --- [restartedMain] o.s.b.d.a.OptionalLiveReloadServer       : LiveReload server is running on port 35729
2023-04-19T13:50:32.539+09:00  INFO 13212 --- [restartedMain] o.s.b.w.embedded.tomcat.TomcatWebServer  : Tomcat started on port(s): 8080 (http) with context path '/Voard'
2023-04-19T13:50:32.541+09:00  INFO 13212 --- [restartedMain] kr.co.voard.VoardApplication             : Started VoardApplication in 0.387 seconds (process running for 15.204)
2023-04-19T13:50:32.542+09:00  INFO 13212 --- [restartedMain] .ConditionEvaluationDeltaLoggingListener : Condition evaluation unchanged
2023-04-19T13:50:56.394+09:00  INFO 13212 --- [File Watcher] rtingClassPathChangeChangedEventListener : Restarting due to 1 class path change (0 additions, 0 deletions, 1 modification)
2023-04-19T13:50:56.399+09:00  INFO 13212 --- [Thread-7] o.apache.catalina.core.StandardService   : Stopping service [Tomcat]
2023-04-19T13:50:56.400+09:00  WARN 13212 --- [Thread-7] o.a.c.loader.WebappClassLoaderBase       : The web application [Voard] appears to have started a thread named [HikariPool-2 housekeeper] but has failed to stop it. This is very likely to create a memory leak. Stack trace of thread:
 java.base@17.0.5/jdk.internal.misc.Unsafe.park(Native Method)
 java.base@17.0.5/java.util.concurrent.locks.LockSupport.parkNanos(LockSupport.java:252)
 java.base@17.0.5/java.util.concurrent.locks.AbstractQueuedSynchronizer$ConditionObject.awaitNanos(AbstractQueuedSynchronizer.java:1672)
 java.base@17.0.5/java.util.concurrent.ScheduledThreadPoolExecutor$DelayedWorkQueue.take(ScheduledThreadPoolExecutor.java:1182)
 java.base@17.0.5/java.util.concurrent.ScheduledThreadPoolExecutor$DelayedWorkQueue.take(ScheduledThreadPoolExecutor.java:899)
 java.base@17.0.5/java.util.concurrent.ThreadPoolExecutor.getTask(ThreadPoolExecutor.java:1062)
 java.base@17.0.5/java.util.concurrent.ThreadPoolExecutor.runWorker(ThreadPoolExecutor.java:1122)
 java.base@17.0.5/java.util.concurrent.ThreadPoolExecutor$Worker.run(ThreadPoolExecutor.java:635)
 java.base@17.0.5/java.lang.Thread.run(Thread.java:833)
2023-04-19T13:50:56.403+09:00  INFO 13212 --- [Thread-7] j.LocalContainerEntityManagerFactoryBean : Closing JPA EntityManagerFactory for persistence unit 'default'
2023-04-19T13:50:56.403+09:00  INFO 13212 --- [Thread-7] com.zaxxer.hikari.HikariDataSource       : HikariPool-2 - Shutdown initiated...
2023-04-19T13:50:56.405+09:00  INFO 13212 --- [Thread-7] com.zaxxer.hikari.HikariDataSource       : HikariPool-2 - Shutdown completed.
2023-04-19T13:50:56.450+09:00  INFO 13212 --- [restartedMain] kr.co.voard.VoardApplication             : Starting VoardApplication using Java 17.0.5 with PID 13212 (C:\Users\java1\Desktop\Workspace\SpringBoot\Voard\target\classes started by java1 in C:\Users\java1\Desktop\Workspace\SpringBoot\Voard)
2023-04-19T13:50:56.450+09:00  INFO 13212 --- [restartedMain] kr.co.voard.VoardApplication             : No active profile set, falling back to 1 default profile: "default"
2023-04-19T13:50:56.551+09:00  INFO 13212 --- [restartedMain] .s.d.r.c.RepositoryConfigurationDelegate : Bootstrapping Spring Data JPA repositories in DEFAULT mode.
2023-04-19T13:50:56.557+09:00  INFO 13212 --- [restartedMain] .s.d.r.c.RepositoryConfigurationDelegate : Finished Spring Data repository scanning in 5 ms. Found 1 JPA repository interfaces.
2023-04-19T13:50:56.577+09:00  WARN 13212 --- [restartedMain] o.m.s.mapper.ClassPathMapperScanner      : No MyBatis mapper was found in '[kr.co.voard]' package. Please check your configuration.
2023-04-19T13:50:56.609+09:00  INFO 13212 --- [restartedMain] o.s.b.w.embedded.tomcat.TomcatWebServer  : Tomcat initialized with port(s): 8080 (http)
2023-04-19T13:50:56.609+09:00  INFO 13212 --- [restartedMain] o.apache.catalina.core.StandardService   : Starting service [Tomcat]
2023-04-19T13:50:56.609+09:00  INFO 13212 --- [restartedMain] o.apache.catalina.core.StandardEngine    : Starting Servlet engine: [Apache Tomcat/10.1.7]
2023-04-19T13:50:56.619+09:00  INFO 13212 --- [restartedMain] o.a.c.c.C.[Tomcat].[localhost].[/Voard]  : Initializing Spring embedded WebApplicationContext
2023-04-19T13:50:56.619+09:00  INFO 13212 --- [restartedMain] w.s.c.ServletWebServerApplicationContext : Root WebApplicationContext: initialization completed in 168 ms
2023-04-19T13:50:56.640+09:00  INFO 13212 --- [restartedMain] o.hibernate.jpa.internal.util.LogHelper  : HHH000204: Processing PersistenceUnitInfo [name: default]
2023-04-19T13:50:56.645+09:00  INFO 13212 --- [restartedMain] com.zaxxer.hikari.HikariDataSource       : HikariPool-3 - Starting...
2023-04-19T13:50:56.651+09:00  INFO 13212 --- [restartedMain] com.zaxxer.hikari.pool.HikariPool        : HikariPool-3 - Added connection com.mysql.cj.jdbc.ConnectionImpl@6f0f2a77
2023-04-19T13:50:56.652+09:00  INFO 13212 --- [restartedMain] com.zaxxer.hikari.HikariDataSource       : HikariPool-3 - Start completed.
2023-04-19T13:50:56.652+09:00  INFO 13212 --- [restartedMain] SQL dialect                              : HHH000400: Using dialect: org.hibernate.dialect.MySQLDialect
2023-04-19T13:50:56.677+09:00  INFO 13212 --- [restartedMain] o.h.e.t.j.p.i.JtaPlatformInitiator       : HHH000490: Using JtaPlatform implementation: [org.hibernate.engine.transaction.jta.platform.internal.NoJtaPlatform]
2023-04-19T13:50:56.677+09:00  INFO 13212 --- [restartedMain] j.LocalContainerEntityManagerFactoryBean : Initialized JPA EntityManagerFactory for persistence unit 'default'
2023-04-19T13:50:56.719+09:00  WARN 13212 --- [restartedMain] JpaBaseConfiguration$JpaWebConfiguration : spring.jpa.open-in-view is enabled by default. Therefore, database queries may be performed during view rendering. Explicitly configure spring.jpa.open-in-view to disable this warning
2023-04-19T13:50:56.725+09:00  INFO 13212 --- [restartedMain] o.s.s.web.DefaultSecurityFilterChain     : Will secure any request with [org.springframework.security.web.session.DisableEncodeUrlFilter@2a82e8fe, org.springframework.security.web.context.request.async.WebAsyncManagerIntegrationFilter@38ff926d, org.springframework.security.web.context.SecurityContextHolderFilter@751f2ed7, org.springframework.security.web.header.HeaderWriterFilter@605f2145, org.springframework.security.web.authentication.logout.LogoutFilter@434d0634, kr.co.voard.jwt.JwtAuthenticationFilter@441cc514, org.springframework.security.web.savedrequest.RequestCacheAwareFilter@67e1c8f3, org.springframework.security.web.servletapi.SecurityContextHolderAwareRequestFilter@7e2d9843, org.springframework.security.web.authentication.AnonymousAuthenticationFilter@305bd982, org.springframework.security.web.session.SessionManagementFilter@42ee7b45, org.springframework.security.web.access.ExceptionTranslationFilter@720c0c13]
2023-04-19T13:50:56.778+09:00  INFO 13212 --- [restartedMain] o.s.b.d.a.OptionalLiveReloadServer       : LiveReload server is running on port 35729
2023-04-19T13:50:56.785+09:00  INFO 13212 --- [restartedMain] o.s.b.w.embedded.tomcat.TomcatWebServer  : Tomcat started on port(s): 8080 (http) with context path '/Voard'
2023-04-19T13:50:56.788+09:00  INFO 13212 --- [restartedMain] kr.co.voard.VoardApplication             : Started VoardApplication in 0.353 seconds (process running for 39.451)
2023-04-19T13:50:56.789+09:00  INFO 13212 --- [restartedMain] .ConditionEvaluationDeltaLoggingListener : Condition evaluation unchanged
2023-04-19T13:51:13.117+09:00  INFO 13212 --- [RMI TCP Connection(3)-127.0.0.1] inMXBeanRegistrar$SpringApplicationAdmin : Application shutdown requested.
2023-04-19T13:51:13.121+09:00  INFO 13212 --- [RMI TCP Connection(3)-127.0.0.1] o.apache.catalina.core.StandardService   : Stopping service [Tomcat]
2023-04-19T13:51:13.123+09:00  WARN 13212 --- [RMI TCP Connection(3)-127.0.0.1] o.a.c.loader.WebappClassLoaderBase       : The web application [Voard] appears to have started a thread named [HikariPool-3 housekeeper] but has failed to stop it. This is very likely to create a memory leak. Stack trace of thread:
 java.base@17.0.5/jdk.internal.misc.Unsafe.park(Native Method)
 java.base@17.0.5/java.util.concurrent.locks.LockSupport.parkNanos(LockSupport.java:252)
 java.base@17.0.5/java.util.concurrent.locks.AbstractQueuedSynchronizer$ConditionObject.awaitNanos(AbstractQueuedSynchronizer.java:1672)
 java.base@17.0.5/java.util.concurrent.ScheduledThreadPoolExecutor$DelayedWorkQueue.take(ScheduledThreadPoolExecutor.java:1182)
 java.base@17.0.5/java.util.concurrent.ScheduledThreadPoolExecutor$DelayedWorkQueue.take(ScheduledThreadPoolExecutor.java:899)
 java.base@17.0.5/java.util.concurrent.ThreadPoolExecutor.getTask(ThreadPoolExecutor.java:1062)
 java.base@17.0.5/java.util.concurrent.ThreadPoolExecutor.runWorker(ThreadPoolExecutor.java:1122)
 java.base@17.0.5/java.util.concurrent.ThreadPoolExecutor$Worker.run(ThreadPoolExecutor.java:635)
 java.base@17.0.5/java.lang.Thread.run(Thread.java:833)
2023-04-19T13:51:13.124+09:00  INFO 13212 --- [RMI TCP Connection(3)-127.0.0.1] j.LocalContainerEntityManagerFactoryBean : Closing JPA EntityManagerFactory for persistence unit 'default'
2023-04-19T13:51:13.124+09:00  INFO 13212 --- [RMI TCP Connection(3)-127.0.0.1] com.zaxxer.hikari.HikariDataSource       : HikariPool-3 - Shutdown initiated...
2023-04-19T13:51:13.126+09:00  INFO 13212 --- [RMI TCP Connection(3)-127.0.0.1] com.zaxxer.hikari.HikariDataSource       : HikariPool-3 - Shutdown completed.
