2023-02-13 09:12:22.339  INFO 7616 --- [restartedMain] kr.co.sboard.SboardApplication           : Starting SboardApplication using Java 17.0.5 on DESKTOP-1FFOQKL with PID 7616 (C:\Users\java1\Desktop\Workspace\SpringBoot\Sboard\target\classes started by java1 in C:\Users\java1\Desktop\Workspace\SpringBoot\Sboard)
2023-02-13 09:12:22.342  INFO 7616 --- [restartedMain] kr.co.sboard.SboardApplication           : No active profile set, falling back to 1 default profile: "default"
2023-02-13 09:12:22.376  INFO 7616 --- [restartedMain] .e.DevToolsPropertyDefaultsPostProcessor : Devtools property defaults active! Set 'spring.devtools.add-properties' to 'false' to disable
2023-02-13 09:12:22.377  INFO 7616 --- [restartedMain] .e.DevToolsPropertyDefaultsPostProcessor : For additional web related logging consider setting the 'logging.level.web' property to 'DEBUG'
2023-02-13 09:12:22.831  INFO 7616 --- [restartedMain] .s.d.r.c.RepositoryConfigurationDelegate : Bootstrapping Spring Data JPA repositories in DEFAULT mode.
2023-02-13 09:12:22.870  INFO 7616 --- [restartedMain] .s.d.r.c.RepositoryConfigurationDelegate : Finished Spring Data repository scanning in 31 ms. Found 1 JPA repository interfaces.
2023-02-13 09:12:23.320  INFO 7616 --- [restartedMain] o.s.b.w.embedded.tomcat.TomcatWebServer  : Tomcat initialized with port(s): 8181 (http)
2023-02-13 09:12:23.328  INFO 7616 --- [restartedMain] o.apache.catalina.core.StandardService   : Starting service [Tomcat]
2023-02-13 09:12:23.328  INFO 7616 --- [restartedMain] org.apache.catalina.core.StandardEngine  : Starting Servlet engine: [Apache Tomcat/9.0.70]
2023-02-13 09:12:23.388  INFO 7616 --- [restartedMain] o.a.c.c.C.[.[localhost].[/Sboard]        : Initializing Spring embedded WebApplicationContext
2023-02-13 09:12:23.388  INFO 7616 --- [restartedMain] w.s.c.ServletWebServerApplicationContext : Root WebApplicationContext: initialization completed in 1011 ms
2023-02-13 09:12:23.547  INFO 7616 --- [restartedMain] o.hibernate.jpa.internal.util.LogHelper  : HHH000204: Processing PersistenceUnitInfo [name: default]
2023-02-13 09:12:23.583  INFO 7616 --- [restartedMain] org.hibernate.Version                    : HHH000412: Hibernate ORM core version 5.6.14.Final
2023-02-13 09:12:23.692  INFO 7616 --- [restartedMain] o.hibernate.annotations.common.Version   : HCANN000001: Hibernate Commons Annotations {5.1.2.Final}
2023-02-13 09:12:23.767  INFO 7616 --- [restartedMain] com.zaxxer.hikari.HikariDataSource       : HikariPool-1 - Starting...
2023-02-13 09:12:24.016  INFO 7616 --- [restartedMain] com.zaxxer.hikari.HikariDataSource       : HikariPool-1 - Start completed.
2023-02-13 09:12:24.026  INFO 7616 --- [restartedMain] org.hibernate.dialect.Dialect            : HHH000400: Using dialect: org.hibernate.dialect.MySQL5InnoDBDialect
2023-02-13 09:12:24.462  INFO 7616 --- [restartedMain] o.h.e.t.j.p.i.JtaPlatformInitiator       : HHH000490: Using JtaPlatform implementation: [org.hibernate.engine.transaction.jta.platform.internal.NoJtaPlatform]
2023-02-13 09:12:24.468  INFO 7616 --- [restartedMain] j.LocalContainerEntityManagerFactoryBean : Initialized JPA EntityManagerFactory for persistence unit 'default'
2023-02-13 09:12:24.816  WARN 7616 --- [restartedMain] JpaBaseConfiguration$JpaWebConfiguration : spring.jpa.open-in-view is enabled by default. Therefore, database queries may be performed during view rendering. Explicitly configure spring.jpa.open-in-view to disable this warning
2023-02-13 09:12:25.273  INFO 7616 --- [restartedMain] o.s.s.web.DefaultSecurityFilterChain     : Will secure any request with [org.springframework.security.web.session.DisableEncodeUrlFilter@6a6c78c2, org.springframework.security.web.context.request.async.WebAsyncManagerIntegrationFilter@789c7c41, org.springframework.security.web.context.SecurityContextPersistenceFilter@7d9fc68c, org.springframework.security.web.header.HeaderWriterFilter@1dafad7, org.springframework.security.web.authentication.logout.LogoutFilter@55e6ff8c, org.springframework.security.web.authentication.UsernamePasswordAuthenticationFilter@5f5f24f4, org.springframework.security.web.savedrequest.RequestCacheAwareFilter@562219a, org.springframework.security.web.servletapi.SecurityContextHolderAwareRequestFilter@61d3a44e, org.springframework.security.web.authentication.AnonymousAuthenticationFilter@9982772, org.springframework.security.web.session.SessionManagementFilter@607776f6, org.springframework.security.web.access.ExceptionTranslationFilter@24cfebc, org.springframework.security.web.access.intercept.FilterSecurityInterceptor@7ae91fc8]
2023-02-13 09:12:25.620  INFO 7616 --- [restartedMain] o.s.b.d.a.OptionalLiveReloadServer       : LiveReload server is running on port 35729
2023-02-13 09:12:25.674  INFO 7616 --- [restartedMain] o.s.b.w.embedded.tomcat.TomcatWebServer  : Tomcat started on port(s): 8181 (http) with context path '/Sboard'
2023-02-13 09:12:25.687  INFO 7616 --- [restartedMain] kr.co.sboard.SboardApplication           : Started SboardApplication in 3.611 seconds (JVM running for 4.076)
2023-02-13 09:12:59.410  INFO 7616 --- [http-nio-8181-exec-3] o.a.c.c.C.[.[localhost].[/Sboard]        : Initializing Spring DispatcherServlet 'dispatcherServlet'
2023-02-13 09:12:59.410  INFO 7616 --- [http-nio-8181-exec-3] o.s.web.servlet.DispatcherServlet        : Initializing Servlet 'dispatcherServlet'
2023-02-13 09:12:59.411  INFO 7616 --- [http-nio-8181-exec-3] o.s.web.servlet.DispatcherServlet        : Completed initialization in 0 ms
2023-02-13 09:14:08.101  INFO 7616 --- [RMI TCP Connection(12)-127.0.0.1] inMXBeanRegistrar$SpringApplicationAdmin : Application shutdown requested.
2023-02-13 09:14:08.106  INFO 7616 --- [RMI TCP Connection(12)-127.0.0.1] o.apache.catalina.core.StandardService   : Stopping service [Tomcat]
2023-02-13 09:14:08.107  INFO 7616 --- [RMI TCP Connection(12)-127.0.0.1] o.a.c.c.C.[.[localhost].[/Sboard]        : Destroying Spring FrameworkServlet 'dispatcherServlet'
2023-02-13 09:14:08.116  INFO 7616 --- [RMI TCP Connection(12)-127.0.0.1] j.LocalContainerEntityManagerFactoryBean : Closing JPA EntityManagerFactory for persistence unit 'default'
2023-02-13 09:14:08.118  INFO 7616 --- [RMI TCP Connection(12)-127.0.0.1] com.zaxxer.hikari.HikariDataSource       : HikariPool-1 - Shutdown initiated...
2023-02-13 09:14:08.123  INFO 7616 --- [RMI TCP Connection(12)-127.0.0.1] com.zaxxer.hikari.HikariDataSource       : HikariPool-1 - Shutdown completed.
