2023-02-13 09:14:24.353  INFO 6516 --- [restartedMain] kr.co.farmstory.FarmstoryApplication     : Starting FarmstoryApplication using Java 17.0.5 on DESKTOP-1FFOQKL with PID 6516 (C:\Users\java1\Desktop\Workspace\SpringBoot\Farmstory\bin\main started by java1 in C:\Users\java1\Desktop\Workspace\SpringBoot\Farmstory)
2023-02-13 09:14:24.356  INFO 6516 --- [restartedMain] kr.co.farmstory.FarmstoryApplication     : No active profile set, falling back to 1 default profile: "default"
2023-02-13 09:14:24.389  INFO 6516 --- [restartedMain] .e.DevToolsPropertyDefaultsPostProcessor : Devtools property defaults active! Set 'spring.devtools.add-properties' to 'false' to disable
2023-02-13 09:14:24.390  INFO 6516 --- [restartedMain] .e.DevToolsPropertyDefaultsPostProcessor : For additional web related logging consider setting the 'logging.level.web' property to 'DEBUG'
2023-02-13 09:14:24.849  INFO 6516 --- [restartedMain] .s.d.r.c.RepositoryConfigurationDelegate : Bootstrapping Spring Data JPA repositories in DEFAULT mode.
2023-02-13 09:14:24.887  INFO 6516 --- [restartedMain] .s.d.r.c.RepositoryConfigurationDelegate : Finished Spring Data repository scanning in 31 ms. Found 1 JPA repository interfaces.
2023-02-13 09:14:25.329  INFO 6516 --- [restartedMain] o.s.b.w.embedded.tomcat.TomcatWebServer  : Tomcat initialized with port(s): 8181 (http)
2023-02-13 09:14:25.337  INFO 6516 --- [restartedMain] o.apache.catalina.core.StandardService   : Starting service [Tomcat]
2023-02-13 09:14:25.337  INFO 6516 --- [restartedMain] org.apache.catalina.core.StandardEngine  : Starting Servlet engine: [Apache Tomcat/9.0.71]
2023-02-13 09:14:25.397  INFO 6516 --- [restartedMain] o.a.c.c.C.[.[localhost].[/Farmstory]     : Initializing Spring embedded WebApplicationContext
2023-02-13 09:14:25.397  INFO 6516 --- [restartedMain] w.s.c.ServletWebServerApplicationContext : Root WebApplicationContext: initialization completed in 1007 ms
2023-02-13 09:14:25.523  INFO 6516 --- [restartedMain] o.hibernate.jpa.internal.util.LogHelper  : HHH000204: Processing PersistenceUnitInfo [name: default]
2023-02-13 09:14:25.571  INFO 6516 --- [restartedMain] org.hibernate.Version                    : HHH000412: Hibernate ORM core version 5.6.14.Final
2023-02-13 09:14:25.674  INFO 6516 --- [restartedMain] o.hibernate.annotations.common.Version   : HCANN000001: Hibernate Commons Annotations {5.1.2.Final}
2023-02-13 09:14:25.754  INFO 6516 --- [restartedMain] com.zaxxer.hikari.HikariDataSource       : HikariPool-1 - Starting...
2023-02-13 09:14:25.994  INFO 6516 --- [restartedMain] com.zaxxer.hikari.HikariDataSource       : HikariPool-1 - Start completed.
2023-02-13 09:14:26.008  INFO 6516 --- [restartedMain] org.hibernate.dialect.Dialect            : HHH000400: Using dialect: org.hibernate.dialect.MySQL5InnoDBDialect
2023-02-13 09:14:26.441  INFO 6516 --- [restartedMain] o.h.e.t.j.p.i.JtaPlatformInitiator       : HHH000490: Using JtaPlatform implementation: [org.hibernate.engine.transaction.jta.platform.internal.NoJtaPlatform]
2023-02-13 09:14:26.446  INFO 6516 --- [restartedMain] j.LocalContainerEntityManagerFactoryBean : Initialized JPA EntityManagerFactory for persistence unit 'default'
2023-02-13 09:14:26.617  WARN 6516 --- [restartedMain] JpaBaseConfiguration$JpaWebConfiguration : spring.jpa.open-in-view is enabled by default. Therefore, database queries may be performed during view rendering. Explicitly configure spring.jpa.open-in-view to disable this warning
2023-02-13 09:14:26.905  INFO 6516 --- [restartedMain] o.s.s.web.DefaultSecurityFilterChain     : Will secure any request with [org.springframework.security.web.session.DisableEncodeUrlFilter@4bb818b0, org.springframework.security.web.context.request.async.WebAsyncManagerIntegrationFilter@173653b6, org.springframework.security.web.context.SecurityContextPersistenceFilter@122475ad, org.springframework.security.web.header.HeaderWriterFilter@783124ee, org.springframework.security.web.authentication.logout.LogoutFilter@225ec531, org.springframework.security.web.authentication.UsernamePasswordAuthenticationFilter@6164c946, org.springframework.security.web.savedrequest.RequestCacheAwareFilter@6bb7b8eb, org.springframework.security.web.servletapi.SecurityContextHolderAwareRequestFilter@59eb3b6e, org.springframework.security.web.authentication.AnonymousAuthenticationFilter@67d3b30b, org.springframework.security.web.session.SessionManagementFilter@23415281, org.springframework.security.web.access.ExceptionTranslationFilter@21a3c2be, org.springframework.security.web.access.intercept.FilterSecurityInterceptor@352d7870]
2023-02-13 09:14:27.008  INFO 6516 --- [restartedMain] o.s.b.a.w.s.WelcomePageHandlerMapping    : Adding welcome page template: index
2023-02-13 09:14:27.153  INFO 6516 --- [restartedMain] o.s.b.d.a.OptionalLiveReloadServer       : LiveReload server is running on port 35729
2023-02-13 09:14:27.179  INFO 6516 --- [restartedMain] o.s.b.w.embedded.tomcat.TomcatWebServer  : Tomcat started on port(s): 8181 (http) with context path '/Farmstory'
2023-02-13 09:14:27.187  INFO 6516 --- [restartedMain] kr.co.farmstory.FarmstoryApplication     : Started FarmstoryApplication in 3.103 seconds (JVM running for 3.585)
2023-02-13 09:14:37.721  INFO 6516 --- [http-nio-8181-exec-1] o.a.c.c.C.[.[localhost].[/Farmstory]     : Initializing Spring DispatcherServlet 'dispatcherServlet'
2023-02-13 09:14:37.721  INFO 6516 --- [http-nio-8181-exec-1] o.s.web.servlet.DispatcherServlet        : Initializing Servlet 'dispatcherServlet'
2023-02-13 09:14:37.722  INFO 6516 --- [http-nio-8181-exec-1] o.s.web.servlet.DispatcherServlet        : Completed initialization in 1 ms
2023-02-13 09:14:39.528  INFO 6516 --- [http-nio-8181-exec-6] k.c.farmstory.controller.UserController  : vo : kr.co.farmstory.vo.TermsVO@4239fe3b
2023-02-13 09:14:47.883  INFO 6516 --- [RMI TCP Connection(8)-127.0.0.1] inMXBeanRegistrar$SpringApplicationAdmin : Application shutdown requested.
2023-02-13 09:14:47.889  INFO 6516 --- [RMI TCP Connection(8)-127.0.0.1] o.apache.catalina.core.StandardService   : Stopping service [Tomcat]
2023-02-13 09:14:47.890  INFO 6516 --- [RMI TCP Connection(8)-127.0.0.1] o.a.c.c.C.[.[localhost].[/Farmstory]     : Destroying Spring FrameworkServlet 'dispatcherServlet'
2023-02-13 09:14:47.894  INFO 6516 --- [RMI TCP Connection(8)-127.0.0.1] j.LocalContainerEntityManagerFactoryBean : Closing JPA EntityManagerFactory for persistence unit 'default'
2023-02-13 09:14:47.896  INFO 6516 --- [RMI TCP Connection(8)-127.0.0.1] com.zaxxer.hikari.HikariDataSource       : HikariPool-1 - Shutdown initiated...
2023-02-13 09:14:47.900  INFO 6516 --- [RMI TCP Connection(8)-127.0.0.1] com.zaxxer.hikari.HikariDataSource       : HikariPool-1 - Shutdown completed.
