2023-01-26 13:34:52.763  INFO 2952 --- [restartedMain] kr.co.farmstory.FarmstoryApplication     : Starting FarmstoryApplication using Java 17.0.5 on DESKTOP-1FFOQKL with PID 2952 (C:\Users\java1\Desktop\Workspace\SpringBoot\Farmstory\bin\main started by java1 in C:\Users\java1\Desktop\Workspace\SpringBoot\Farmstory)
2023-01-26 13:34:52.763  INFO 2952 --- [restartedMain] kr.co.farmstory.FarmstoryApplication     : No active profile set, falling back to 1 default profile: "default"
2023-01-26 13:34:52.861  INFO 2952 --- [restartedMain] .s.d.r.c.RepositoryConfigurationDelegate : Bootstrapping Spring Data JPA repositories in DEFAULT mode.
2023-01-26 13:34:52.865  INFO 2952 --- [restartedMain] .s.d.r.c.RepositoryConfigurationDelegate : Finished Spring Data repository scanning in 4 ms. Found 1 JPA repository interfaces.
2023-01-26 13:34:52.920  INFO 2952 --- [restartedMain] o.s.b.w.embedded.tomcat.TomcatWebServer  : Tomcat initialized with port(s): 8181 (http)
2023-01-26 13:34:52.921  INFO 2952 --- [restartedMain] o.apache.catalina.core.StandardService   : Starting service [Tomcat]
2023-01-26 13:34:52.921  INFO 2952 --- [restartedMain] org.apache.catalina.core.StandardEngine  : Starting Servlet engine: [Apache Tomcat/9.0.71]
2023-01-26 13:34:52.931  INFO 2952 --- [restartedMain] o.a.c.c.C.[.[localhost].[/Farmstory]     : Initializing Spring embedded WebApplicationContext
2023-01-26 13:34:52.931  INFO 2952 --- [restartedMain] w.s.c.ServletWebServerApplicationContext : Root WebApplicationContext: initialization completed in 167 ms
2023-01-26 13:34:52.955  INFO 2952 --- [restartedMain] o.hibernate.jpa.internal.util.LogHelper  : HHH000204: Processing PersistenceUnitInfo [name: default]
2023-01-26 13:34:52.958  INFO 2952 --- [restartedMain] com.zaxxer.hikari.HikariDataSource       : HikariPool-18 - Starting...
2023-01-26 13:34:52.963  INFO 2952 --- [restartedMain] com.zaxxer.hikari.HikariDataSource       : HikariPool-18 - Start completed.
2023-01-26 13:34:52.964  INFO 2952 --- [restartedMain] org.hibernate.dialect.Dialect            : HHH000400: Using dialect: org.hibernate.dialect.MySQL5InnoDBDialect
2023-01-26 13:34:52.978  INFO 2952 --- [restartedMain] o.h.e.t.j.p.i.JtaPlatformInitiator       : HHH000490: Using JtaPlatform implementation: [org.hibernate.engine.transaction.jta.platform.internal.NoJtaPlatform]
2023-01-26 13:34:52.978  INFO 2952 --- [restartedMain] j.LocalContainerEntityManagerFactoryBean : Initialized JPA EntityManagerFactory for persistence unit 'default'
2023-01-26 13:34:53.001  WARN 2952 --- [restartedMain] JpaBaseConfiguration$JpaWebConfiguration : spring.jpa.open-in-view is enabled by default. Therefore, database queries may be performed during view rendering. Explicitly configure spring.jpa.open-in-view to disable this warning
2023-01-26 13:34:53.039  INFO 2952 --- [restartedMain] o.s.s.web.DefaultSecurityFilterChain     : Will secure any request with [org.springframework.security.web.session.DisableEncodeUrlFilter@5e540919, org.springframework.security.web.context.request.async.WebAsyncManagerIntegrationFilter@1b2c3666, org.springframework.security.web.context.SecurityContextPersistenceFilter@6a83e5e2, org.springframework.security.web.header.HeaderWriterFilter@37cfc46c, org.springframework.security.web.authentication.logout.LogoutFilter@64be45a6, org.springframework.security.web.authentication.UsernamePasswordAuthenticationFilter@1fa24a1d, org.springframework.security.web.savedrequest.RequestCacheAwareFilter@6ed1b778, org.springframework.security.web.servletapi.SecurityContextHolderAwareRequestFilter@27f4f26a, org.springframework.security.web.authentication.AnonymousAuthenticationFilter@cb0fa8f, org.springframework.security.web.session.SessionManagementFilter@4d4f7d44, org.springframework.security.web.access.ExceptionTranslationFilter@64dc0153, org.springframework.security.web.access.intercept.FilterSecurityInterceptor@7b2d94d8]
2023-01-26 13:34:53.065  INFO 2952 --- [restartedMain] o.s.b.a.w.s.WelcomePageHandlerMapping    : Adding welcome page template: index
2023-01-26 13:34:53.100  INFO 2952 --- [restartedMain] o.s.b.d.a.OptionalLiveReloadServer       : LiveReload server is running on port 35729
2023-01-26 13:34:53.111  INFO 2952 --- [restartedMain] o.s.b.w.embedded.tomcat.TomcatWebServer  : Tomcat started on port(s): 8181 (http) with context path '/Farmstory'
2023-01-26 13:34:53.115  INFO 2952 --- [restartedMain] kr.co.farmstory.FarmstoryApplication     : Started FarmstoryApplication in 0.368 seconds (JVM running for 3020.054)
2023-01-26 13:34:53.117  INFO 2952 --- [restartedMain] .ConditionEvaluationDeltaLoggingListener : Condition evaluation unchanged
2023-01-26 13:34:53.118  INFO 2952 --- [http-nio-8181-exec-1] o.a.c.c.C.[.[localhost].[/Farmstory]     : Initializing Spring DispatcherServlet 'dispatcherServlet'
2023-01-26 13:34:53.118  INFO 2952 --- [http-nio-8181-exec-1] o.s.web.servlet.DispatcherServlet        : Initializing Servlet 'dispatcherServlet'
2023-01-26 13:34:53.119  INFO 2952 --- [http-nio-8181-exec-1] o.s.web.servlet.DispatcherServlet        : Completed initialization in 1 ms
2023-01-26 13:35:00.760  INFO 2952 --- [File Watcher] rtingClassPathChangeChangedEventListener : Restarting due to 1 class path change (0 additions, 0 deletions, 1 modification)
2023-01-26 13:35:00.774  INFO 2952 --- [Thread-80] o.apache.catalina.core.StandardService   : Stopping service [Tomcat]
2023-01-26 13:35:00.774  INFO 2952 --- [Thread-80] o.a.c.c.C.[.[localhost].[/Farmstory]     : Destroying Spring FrameworkServlet 'dispatcherServlet'
2023-01-26 13:35:00.776  INFO 2952 --- [Thread-80] j.LocalContainerEntityManagerFactoryBean : Closing JPA EntityManagerFactory for persistence unit 'default'
2023-01-26 13:35:00.776  INFO 2952 --- [Thread-80] com.zaxxer.hikari.HikariDataSource       : HikariPool-18 - Shutdown initiated...
2023-01-26 13:35:00.778  INFO 2952 --- [Thread-80] com.zaxxer.hikari.HikariDataSource       : HikariPool-18 - Shutdown completed.
